[ 2017-07-08T12:54:18+08:00 ] 127.0.0.1 /ebay/index.php/admin/login/login_in/id/6
INFO: [ app_init ] --START--
INFO: Run Behavior\BuildLiteBehavior [ RunTime:0.000000s ]
INFO: [ app_init ] --END-- [ RunTime:0.000000s ]
INFO: [ app_begin ] --START--
INFO: Run Behavior\ReadHtmlCacheBehavior [ RunTime:0.001000s ]
INFO: [ app_begin ] --END-- [ RunTime:0.001000s ]

[ 2017-07-08T12:55:13+08:00 ] 127.0.0.1 /ebay/index.php/admin/login/login_in/phone/2313
INFO: [ app_init ] --START--
INFO: Run Behavior\BuildLiteBehavior [ RunTime:0.000000s ]
INFO: [ app_init ] --END-- [ RunTime:0.001000s ]
INFO: [ app_begin ] --START--
INFO: Run Behavior\ReadHtmlCacheBehavior [ RunTime:0.000000s ]
INFO: [ app_begin ] --END-- [ RunTime:0.000000s ]
NOTIC: [8] Undefined index: name D:\phpStudy\WWW\ebay\Application\Admin\Controller\LoginController.class.php 第 24 行.
NOTIC: [8] Undefined index: email D:\phpStudy\WWW\ebay\Application\Admin\Controller\LoginController.class.php 第 25 行.
NOTIC: [8] Undefined index: password D:\phpStudy\WWW\ebay\Application\Admin\Controller\LoginController.class.php 第 26 行.

[ 2017-07-08T12:56:57+08:00 ] 127.0.0.1 /ebay/index.php/admin/login/login_in/phone/2313
INFO: [ app_init ] --START--
INFO: Run Behavior\BuildLiteBehavior [ RunTime:0.000000s ]
INFO: [ app_init ] --END-- [ RunTime:0.001000s ]
INFO: [ app_begin ] --START--
INFO: Run Behavior\ReadHtmlCacheBehavior [ RunTime:0.001000s ]
INFO: [ app_begin ] --END-- [ RunTime:0.001000s ]
NOTIC: [8] Undefined index: name D:\phpStudy\WWW\ebay\Application\Admin\Controller\LoginController.class.php 第 24 行.
NOTIC: [8] Undefined index: email D:\phpStudy\WWW\ebay\Application\Admin\Controller\LoginController.class.php 第 25 行.
NOTIC: [8] Undefined index: password D:\phpStudy\WWW\ebay\Application\Admin\Controller\LoginController.class.php 第 26 行.

[ 2017-07-08T12:56:59+08:00 ] 127.0.0.1 /ebay/index.php/admin/login/login_in/phone/2313
INFO: [ app_init ] --START--
INFO: Run Behavior\BuildLiteBehavior [ RunTime:0.000000s ]
INFO: [ app_init ] --END-- [ RunTime:0.001000s ]
INFO: [ app_begin ] --START--
INFO: Run Behavior\ReadHtmlCacheBehavior [ RunTime:0.001000s ]
INFO: [ app_begin ] --END-- [ RunTime:0.001000s ]
NOTIC: [8] Undefined index: name D:\phpStudy\WWW\ebay\Application\Admin\Controller\LoginController.class.php 第 24 行.
NOTIC: [8] Undefined index: email D:\phpStudy\WWW\ebay\Application\Admin\Controller\LoginController.class.php 第 25 行.
NOTIC: [8] Undefined index: password D:\phpStudy\WWW\ebay\Application\Admin\Controller\LoginController.class.php 第 26 行.

[ 2017-07-08T12:56:59+08:00 ] 127.0.0.1 /ebay/index.php/admin/login/login_in/phone/2313
INFO: [ app_init ] --START--
INFO: Run Behavior\BuildLiteBehavior [ RunTime:0.000000s ]
INFO: [ app_init ] --END-- [ RunTime:0.001000s ]
INFO: [ app_begin ] --START--
INFO: Run Behavior\ReadHtmlCacheBehavior [ RunTime:0.001000s ]
INFO: [ app_begin ] --END-- [ RunTime:0.001000s ]
NOTIC: [8] Undefined index: name D:\phpStudy\WWW\ebay\Application\Admin\Controller\LoginController.class.php 第 24 行.
NOTIC: [8] Undefined index: email D:\phpStudy\WWW\ebay\Application\Admin\Controller\LoginController.class.php 第 25 行.
NOTIC: [8] Undefined index: password D:\phpStudy\WWW\ebay\Application\Admin\Controller\LoginController.class.php 第 26 行.

[ 2017-07-08T12:56:59+08:00 ] 127.0.0.1 /ebay/index.php/admin/login/login_in/phone/2313
INFO: [ app_init ] --START--
INFO: Run Behavior\BuildLiteBehavior [ RunTime:0.000000s ]
INFO: [ app_init ] --END-- [ RunTime:0.000000s ]
INFO: [ app_begin ] --START--
INFO: Run Behavior\ReadHtmlCacheBehavior [ RunTime:0.002000s ]
INFO: [ app_begin ] --END-- [ RunTime:0.002000s ]
NOTIC: [8] Undefined index: name D:\phpStudy\WWW\ebay\Application\Admin\Controller\LoginController.class.php 第 24 行.
NOTIC: [8] Undefined index: email D:\phpStudy\WWW\ebay\Application\Admin\Controller\LoginController.class.php 第 25 行.
NOTIC: [8] Undefined index: password D:\phpStudy\WWW\ebay\Application\Admin\Controller\LoginController.class.php 第 26 行.

[ 2017-07-08T12:56:59+08:00 ] 127.0.0.1 /ebay/index.php/admin/login/login_in/phone/2313
INFO: [ app_init ] --START--
INFO: Run Behavior\BuildLiteBehavior [ RunTime:0.000000s ]
INFO: [ app_init ] --END-- [ RunTime:0.001000s ]
INFO: [ app_begin ] --START--
INFO: Run Behavior\ReadHtmlCacheBehavior [ RunTime:0.002000s ]
INFO: [ app_begin ] --END-- [ RunTime:0.002000s ]
NOTIC: [8] Undefined index: name D:\phpStudy\WWW\ebay\Application\Admin\Controller\LoginController.class.php 第 24 行.
NOTIC: [8] Undefined index: email D:\phpStudy\WWW\ebay\Application\Admin\Controller\LoginController.class.php 第 25 行.
NOTIC: [8] Undefined index: password D:\phpStudy\WWW\ebay\Application\Admin\Controller\LoginController.class.php 第 26 行.

[ 2017-07-08T12:56:59+08:00 ] 127.0.0.1 /ebay/index.php/admin/login/login_in/phone/2313
INFO: [ app_init ] --START--
INFO: Run Behavior\BuildLiteBehavior [ RunTime:0.000000s ]
INFO: [ app_init ] --END-- [ RunTime:0.001001s ]
INFO: [ app_begin ] --START--
INFO: Run Behavior\ReadHtmlCacheBehavior [ RunTime:0.001000s ]
INFO: [ app_begin ] --END-- [ RunTime:0.001000s ]
NOTIC: [8] Undefined index: name D:\phpStudy\WWW\ebay\Application\Admin\Controller\LoginController.class.php 第 24 行.
NOTIC: [8] Undefined index: email D:\phpStudy\WWW\ebay\Application\Admin\Controller\LoginController.class.php 第 25 行.
NOTIC: [8] Undefined index: password D:\phpStudy\WWW\ebay\Application\Admin\Controller\LoginController.class.php 第 26 行.

[ 2017-07-08T12:57:00+08:00 ] 127.0.0.1 /ebay/index.php/admin/login/login_in/phone/2313
INFO: [ app_init ] --START--
INFO: Run Behavior\BuildLiteBehavior [ RunTime:0.000000s ]
INFO: [ app_init ] --END-- [ RunTime:0.001000s ]
INFO: [ app_begin ] --START--
INFO: Run Behavior\ReadHtmlCacheBehavior [ RunTime:0.001000s ]
INFO: [ app_begin ] --END-- [ RunTime:0.001000s ]
NOTIC: [8] Undefined index: name D:\phpStudy\WWW\ebay\Application\Admin\Controller\LoginController.class.php 第 24 行.
NOTIC: [8] Undefined index: email D:\phpStudy\WWW\ebay\Application\Admin\Controller\LoginController.class.php 第 25 行.
NOTIC: [8] Undefined index: password D:\phpStudy\WWW\ebay\Application\Admin\Controller\LoginController.class.php 第 26 行.

[ 2017-07-08T12:57:00+08:00 ] 127.0.0.1 /ebay/index.php/admin/login/login_in/phone/2313
INFO: [ app_init ] --START--
INFO: Run Behavior\BuildLiteBehavior [ RunTime:0.000000s ]
INFO: [ app_init ] --END-- [ RunTime:0.000000s ]
INFO: [ app_begin ] --START--
INFO: Run Behavior\ReadHtmlCacheBehavior [ RunTime:0.001000s ]
INFO: [ app_begin ] --END-- [ RunTime:0.001000s ]
NOTIC: [8] Undefined index: name D:\phpStudy\WWW\ebay\Application\Admin\Controller\LoginController.class.php 第 24 行.
NOTIC: [8] Undefined index: email D:\phpStudy\WWW\ebay\Application\Admin\Controller\LoginController.class.php 第 25 行.
NOTIC: [8] Undefined index: password D:\phpStudy\WWW\ebay\Application\Admin\Controller\LoginController.class.php 第 26 行.

[ 2017-07-08T12:57:43+08:00 ] 127.0.0.1 /ebay/index.php/admin/login/login_in/phone/2313
INFO: [ app_init ] --START--
INFO: Run Behavior\BuildLiteBehavior [ RunTime:0.000000s ]
INFO: [ app_init ] --END-- [ RunTime:0.000000s ]
INFO: [ app_begin ] --START--
INFO: Run Behavior\ReadHtmlCacheBehavior [ RunTime:0.001000s ]
INFO: [ app_begin ] --END-- [ RunTime:0.001000s ]
NOTIC: [8] Undefined index: name D:\phpStudy\WWW\ebay\Application\Admin\Controller\LoginController.class.php 第 24 行.
NOTIC: [8] Undefined index: email D:\phpStudy\WWW\ebay\Application\Admin\Controller\LoginController.class.php 第 25 行.
NOTIC: [8] Undefined index: password D:\phpStudy\WWW\ebay\Application\Admin\Controller\LoginController.class.php 第 26 行.

[ 2017-07-08T12:57:44+08:00 ] 127.0.0.1 /ebay/index.php/admin/login/login_in/phone/2313
INFO: [ app_init ] --START--
INFO: Run Behavior\BuildLiteBehavior [ RunTime:0.000000s ]
INFO: [ app_init ] --END-- [ RunTime:0.001000s ]
INFO: [ app_begin ] --START--
INFO: Run Behavior\ReadHtmlCacheBehavior [ RunTime:0.001000s ]
INFO: [ app_begin ] --END-- [ RunTime:0.001000s ]
NOTIC: [8] Undefined index: name D:\phpStudy\WWW\ebay\Application\Admin\Controller\LoginController.class.php 第 24 行.
NOTIC: [8] Undefined index: email D:\phpStudy\WWW\ebay\Application\Admin\Controller\LoginController.class.php 第 25 行.
NOTIC: [8] Undefined index: password D:\phpStudy\WWW\ebay\Application\Admin\Controller\LoginController.class.php 第 26 行.

[ 2017-07-08T12:57:44+08:00 ] 127.0.0.1 /ebay/index.php/admin/login/login_in/phone/2313
INFO: [ app_init ] --START--
INFO: Run Behavior\BuildLiteBehavior [ RunTime:0.000000s ]
INFO: [ app_init ] --END-- [ RunTime:0.001000s ]
INFO: [ app_begin ] --START--
INFO: Run Behavior\ReadHtmlCacheBehavior [ RunTime:0.002000s ]
INFO: [ app_begin ] --END-- [ RunTime:0.002000s ]
NOTIC: [8] Undefined index: name D:\phpStudy\WWW\ebay\Application\Admin\Controller\LoginController.class.php 第 24 行.
NOTIC: [8] Undefined index: email D:\phpStudy\WWW\ebay\Application\Admin\Controller\LoginController.class.php 第 25 行.
NOTIC: [8] Undefined index: password D:\phpStudy\WWW\ebay\Application\Admin\Controller\LoginController.class.php 第 26 行.

[ 2017-07-08T12:57:44+08:00 ] 127.0.0.1 /ebay/index.php/admin/login/login_in/phone/2313
INFO: [ app_init ] --START--
INFO: Run Behavior\BuildLiteBehavior [ RunTime:0.000000s ]
INFO: [ app_init ] --END-- [ RunTime:0.000000s ]
INFO: [ app_begin ] --START--
INFO: Run Behavior\ReadHtmlCacheBehavior [ RunTime:0.001000s ]
INFO: [ app_begin ] --END-- [ RunTime:0.001000s ]
NOTIC: [8] Undefined index: name D:\phpStudy\WWW\ebay\Application\Admin\Controller\LoginController.class.php 第 24 行.
NOTIC: [8] Undefined index: email D:\phpStudy\WWW\ebay\Application\Admin\Controller\LoginController.class.php 第 25 行.
NOTIC: [8] Undefined index: password D:\phpStudy\WWW\ebay\Application\Admin\Controller\LoginController.class.php 第 26 行.

[ 2017-07-08T12:57:44+08:00 ] 127.0.0.1 /ebay/index.php/admin/login/login_in/phone/2313
INFO: [ app_init ] --START--
INFO: Run Behavior\BuildLiteBehavior [ RunTime:0.000000s ]
INFO: [ app_init ] --END-- [ RunTime:0.000000s ]
INFO: [ app_begin ] --START--
INFO: Run Behavior\ReadHtmlCacheBehavior [ RunTime:0.001000s ]
INFO: [ app_begin ] --END-- [ RunTime:0.001000s ]
NOTIC: [8] Undefined index: name D:\phpStudy\WWW\ebay\Application\Admin\Controller\LoginController.class.php 第 24 行.
NOTIC: [8] Undefined index: email D:\phpStudy\WWW\ebay\Application\Admin\Controller\LoginController.class.php 第 25 行.
NOTIC: [8] Undefined index: password D:\phpStudy\WWW\ebay\Application\Admin\Controller\LoginController.class.php 第 26 行.

[ 2017-07-08T12:59:23+08:00 ] 127.0.0.1 /ebay/index.php/admin/login/login_in/phone/2313
INFO: [ app_init ] --START--
INFO: Run Behavior\BuildLiteBehavior [ RunTime:0.000000s ]
INFO: [ app_init ] --END-- [ RunTime:0.001000s ]
INFO: [ app_begin ] --START--
INFO: Run Behavior\ReadHtmlCacheBehavior [ RunTime:0.001000s ]
INFO: [ app_begin ] --END-- [ RunTime:0.001000s ]
NOTIC: [8] Undefined index: name D:\phpStudy\WWW\ebay\Application\Admin\Controller\LoginController.class.php 第 24 行.
NOTIC: [8] Undefined index: email D:\phpStudy\WWW\ebay\Application\Admin\Controller\LoginController.class.php 第 25 行.
NOTIC: [8] Undefined index: password D:\phpStudy\WWW\ebay\Application\Admin\Controller\LoginController.class.php 第 26 行.

[ 2017-07-08T12:59:23+08:00 ] 127.0.0.1 /ebay/index.php/admin/login/login_in/phone/2313
INFO: [ app_init ] --START--
INFO: Run Behavior\BuildLiteBehavior [ RunTime:0.000000s ]
INFO: [ app_init ] --END-- [ RunTime:0.001001s ]
INFO: [ app_begin ] --START--
INFO: Run Behavior\ReadHtmlCacheBehavior [ RunTime:0.001000s ]
INFO: [ app_begin ] --END-- [ RunTime:0.001000s ]
NOTIC: [8] Undefined index: name D:\phpStudy\WWW\ebay\Application\Admin\Controller\LoginController.class.php 第 24 行.
NOTIC: [8] Undefined index: email D:\phpStudy\WWW\ebay\Application\Admin\Controller\LoginController.class.php 第 25 行.
NOTIC: [8] Undefined index: password D:\phpStudy\WWW\ebay\Application\Admin\Controller\LoginController.class.php 第 26 行.

[ 2017-07-08T12:59:24+08:00 ] 127.0.0.1 /ebay/index.php/admin/login/login_in/phone/2313
INFO: [ app_init ] --START--
INFO: Run Behavior\BuildLiteBehavior [ RunTime:0.000000s ]
INFO: [ app_init ] --END-- [ RunTime:0.001000s ]
INFO: [ app_begin ] --START--
INFO: Run Behavior\ReadHtmlCacheBehavior [ RunTime:0.001000s ]
INFO: [ app_begin ] --END-- [ RunTime:0.001000s ]
NOTIC: [8] Undefined index: name D:\phpStudy\WWW\ebay\Application\Admin\Controller\LoginController.class.php 第 24 行.
NOTIC: [8] Undefined index: email D:\phpStudy\WWW\ebay\Application\Admin\Controller\LoginController.class.php 第 25 行.
NOTIC: [8] Undefined index: password D:\phpStudy\WWW\ebay\Application\Admin\Controller\LoginController.class.php 第 26 行.

[ 2017-07-08T12:59:24+08:00 ] 127.0.0.1 /ebay/index.php/admin/login/login_in/phone/2313
INFO: [ app_init ] --START--
INFO: Run Behavior\BuildLiteBehavior [ RunTime:0.000000s ]
INFO: [ app_init ] --END-- [ RunTime:0.001000s ]
INFO: [ app_begin ] --START--
INFO: Run Behavior\ReadHtmlCacheBehavior [ RunTime:0.002000s ]
INFO: [ app_begin ] --END-- [ RunTime:0.002000s ]
NOTIC: [8] Undefined index: name D:\phpStudy\WWW\ebay\Application\Admin\Controller\LoginController.class.php 第 24 行.
NOTIC: [8] Undefined index: email D:\phpStudy\WWW\ebay\Application\Admin\Controller\LoginController.class.php 第 25 行.
NOTIC: [8] Undefined index: password D:\phpStudy\WWW\ebay\Application\Admin\Controller\LoginController.class.php 第 26 行.

[ 2017-07-08T12:59:24+08:00 ] 127.0.0.1 /ebay/index.php/admin/login/login_in/phone/2313
INFO: [ app_init ] --START--
INFO: Run Behavior\BuildLiteBehavior [ RunTime:0.000000s ]
INFO: [ app_init ] --END-- [ RunTime:0.001000s ]
INFO: [ app_begin ] --START--
INFO: Run Behavior\ReadHtmlCacheBehavior [ RunTime:0.001000s ]
INFO: [ app_begin ] --END-- [ RunTime:0.001000s ]
NOTIC: [8] Undefined index: name D:\phpStudy\WWW\ebay\Application\Admin\Controller\LoginController.class.php 第 24 行.
NOTIC: [8] Undefined index: email D:\phpStudy\WWW\ebay\Application\Admin\Controller\LoginController.class.php 第 25 行.
NOTIC: [8] Undefined index: password D:\phpStudy\WWW\ebay\Application\Admin\Controller\LoginController.class.php 第 26 行.

[ 2017-07-08T12:59:35+08:00 ] 127.0.0.1 /ebay/index.php/admin/login/login_in/phone/2313
INFO: [ app_init ] --START--
INFO: Run Behavior\BuildLiteBehavior [ RunTime:0.000000s ]
INFO: [ app_init ] --END-- [ RunTime:0.000000s ]
INFO: [ app_begin ] --START--
INFO: Run Behavior\ReadHtmlCacheBehavior [ RunTime:0.001001s ]
INFO: [ app_begin ] --END-- [ RunTime:0.001001s ]
NOTIC: [8] Undefined index: name D:\phpStudy\WWW\ebay\Application\Admin\Controller\LoginController.class.php 第 24 行.
NOTIC: [8] Undefined index: email D:\phpStudy\WWW\ebay\Application\Admin\Controller\LoginController.class.php 第 25 行.
NOTIC: [8] Undefined index: password D:\phpStudy\WWW\ebay\Application\Admin\Controller\LoginController.class.php 第 26 行.
SQL: SHOW COLUMNS FROM `eb_user` [ RunTime:0.0110s ]
INFO: [ app_end ] --START--
INFO: Run Behavior\ShowPageTraceBehavior [ RunTime:0.001000s ]
INFO: [ app_end ] --END-- [ RunTime:0.001000s ]

[ 2017-07-08T12:59:57+08:00 ] 127.0.0.1 /ebay/index.php/admin/login/login_in/phone/2313
INFO: [ app_init ] --START--
INFO: Run Behavior\BuildLiteBehavior [ RunTime:0.000000s ]
INFO: [ app_init ] --END-- [ RunTime:0.001000s ]
INFO: [ app_begin ] --START--
INFO: Run Behavior\ReadHtmlCacheBehavior [ RunTime:0.000000s ]
INFO: [ app_begin ] --END-- [ RunTime:0.000000s ]
NOTIC: [8] Undefined index: name D:\phpStudy\WWW\ebay\Application\Admin\Controller\LoginController.class.php 第 24 行.
NOTIC: [8] Undefined index: email D:\phpStudy\WWW\ebay\Application\Admin\Controller\LoginController.class.php 第 25 行.
NOTIC: [8] Undefined index: password D:\phpStudy\WWW\ebay\Application\Admin\Controller\LoginController.class.php 第 26 行.
SQL: SHOW COLUMNS FROM `eb_user` [ RunTime:0.0280s ]
INFO: [ app_end ] --START--
INFO: Run Behavior\ShowPageTraceBehavior [ RunTime:0.002000s ]
INFO: [ app_end ] --END-- [ RunTime:0.002000s ]

[ 2017-07-08T13:00:26+08:00 ] 127.0.0.1 /ebay/index.php/admin/login/login_in/phone/2313
INFO: [ app_init ] --START--
INFO: Run Behavior\BuildLiteBehavior [ RunTime:0.000000s ]
INFO: [ app_init ] --END-- [ RunTime:0.001000s ]
INFO: [ app_begin ] --START--
INFO: Run Behavior\ReadHtmlCacheBehavior [ RunTime:0.001000s ]
INFO: [ app_begin ] --END-- [ RunTime:0.001000s ]
NOTIC: [8] Undefined index: name D:\phpStudy\WWW\ebay\Application\Admin\Controller\LoginController.class.php 第 24 行.
NOTIC: [8] Undefined index: email D:\phpStudy\WWW\ebay\Application\Admin\Controller\LoginController.class.php 第 25 行.
NOTIC: [8] Undefined index: password D:\phpStudy\WWW\ebay\Application\Admin\Controller\LoginController.class.php 第 26 行.
SQL: SHOW COLUMNS FROM `eb_user` [ RunTime:0.0270s ]
INFO: [ app_end ] --START--
INFO: Run Behavior\ShowPageTraceBehavior [ RunTime:0.002000s ]
INFO: [ app_end ] --END-- [ RunTime:0.002000s ]

[ 2017-07-08T13:00:41+08:00 ] 127.0.0.1 /ebay/index.php/admin/login/login_in/phone/2313
INFO: [ app_init ] --START--
INFO: Run Behavior\BuildLiteBehavior [ RunTime:0.000000s ]
INFO: [ app_init ] --END-- [ RunTime:0.001000s ]
INFO: [ app_begin ] --START--
INFO: Run Behavior\ReadHtmlCacheBehavior [ RunTime:0.001000s ]
INFO: [ app_begin ] --END-- [ RunTime:0.001000s ]
NOTIC: [8] Undefined index: name D:\phpStudy\WWW\ebay\Application\Admin\Controller\LoginController.class.php 第 24 行.
NOTIC: [8] Undefined index: email D:\phpStudy\WWW\ebay\Application\Admin\Controller\LoginController.class.php 第 25 行.
NOTIC: [8] Undefined index: password D:\phpStudy\WWW\ebay\Application\Admin\Controller\LoginController.class.php 第 26 行.
SQL: SHOW COLUMNS FROM `eb_user` [ RunTime:0.0270s ]
INFO: [ app_end ] --START--
INFO: Run Behavior\ShowPageTraceBehavior [ RunTime:0.000000s ]
INFO: [ app_end ] --END-- [ RunTime:0.000000s ]

[ 2017-07-08T13:00:42+08:00 ] 127.0.0.1 /ebay/index.php/admin/login/login_in/phone/2313
INFO: [ app_init ] --START--
INFO: Run Behavior\BuildLiteBehavior [ RunTime:0.000000s ]
INFO: [ app_init ] --END-- [ RunTime:0.001000s ]
INFO: [ app_begin ] --START--
INFO: Run Behavior\ReadHtmlCacheBehavior [ RunTime:0.000000s ]
INFO: [ app_begin ] --END-- [ RunTime:0.000000s ]
NOTIC: [8] Undefined index: name D:\phpStudy\WWW\ebay\Application\Admin\Controller\LoginController.class.php 第 24 行.
NOTIC: [8] Undefined index: email D:\phpStudy\WWW\ebay\Application\Admin\Controller\LoginController.class.php 第 25 行.
NOTIC: [8] Undefined index: password D:\phpStudy\WWW\ebay\Application\Admin\Controller\LoginController.class.php 第 26 行.
SQL: SHOW COLUMNS FROM `eb_user` [ RunTime:0.0290s ]
INFO: [ app_end ] --START--
INFO: Run Behavior\ShowPageTraceBehavior [ RunTime:0.002001s ]
INFO: [ app_end ] --END-- [ RunTime:0.002001s ]

[ 2017-07-08T13:00:44+08:00 ] 127.0.0.1 /ebay/index.php/admin/login/login_in/phone/2313
INFO: [ app_init ] --START--
INFO: Run Behavior\BuildLiteBehavior [ RunTime:0.000000s ]
INFO: [ app_init ] --END-- [ RunTime:0.000000s ]
INFO: [ app_begin ] --START--
INFO: Run Behavior\ReadHtmlCacheBehavior [ RunTime:0.000000s ]
INFO: [ app_begin ] --END-- [ RunTime:0.000000s ]
NOTIC: [8] Undefined index: name D:\phpStudy\WWW\ebay\Application\Admin\Controller\LoginController.class.php 第 24 行.
NOTIC: [8] Undefined index: email D:\phpStudy\WWW\ebay\Application\Admin\Controller\LoginController.class.php 第 25 行.
NOTIC: [8] Undefined index: password D:\phpStudy\WWW\ebay\Application\Admin\Controller\LoginController.class.php 第 26 行.
SQL: SHOW COLUMNS FROM `eb_user` [ RunTime:0.0300s ]
INFO: [ app_end ] --START--
INFO: Run Behavior\ShowPageTraceBehavior [ RunTime:0.002000s ]
INFO: [ app_end ] --END-- [ RunTime:0.002000s ]

[ 2017-07-08T13:00:45+08:00 ] 127.0.0.1 /ebay/index.php/admin/login/login_in/phone/2313
INFO: [ app_init ] --START--
INFO: Run Behavior\BuildLiteBehavior [ RunTime:0.000000s ]
INFO: [ app_init ] --END-- [ RunTime:0.000000s ]
INFO: [ app_begin ] --START--
INFO: Run Behavior\ReadHtmlCacheBehavior [ RunTime:0.001000s ]
INFO: [ app_begin ] --END-- [ RunTime:0.001000s ]
NOTIC: [8] Undefined index: name D:\phpStudy\WWW\ebay\Application\Admin\Controller\LoginController.class.php 第 24 行.
NOTIC: [8] Undefined index: email D:\phpStudy\WWW\ebay\Application\Admin\Controller\LoginController.class.php 第 25 行.
NOTIC: [8] Undefined index: password D:\phpStudy\WWW\ebay\Application\Admin\Controller\LoginController.class.php 第 26 行.
SQL: SHOW COLUMNS FROM `eb_user` [ RunTime:0.0290s ]
INFO: [ app_end ] --START--
INFO: Run Behavior\ShowPageTraceBehavior [ RunTime:0.002000s ]
INFO: [ app_end ] --END-- [ RunTime:0.002000s ]

[ 2017-07-08T13:01:20+08:00 ] 127.0.0.1 /ebay/index.php/admin/login/login_in/phone/2313/password/13131
INFO: [ app_init ] --START--
INFO: Run Behavior\BuildLiteBehavior [ RunTime:0.000000s ]
INFO: [ app_init ] --END-- [ RunTime:0.000000s ]
INFO: [ app_begin ] --START--
INFO: Run Behavior\ReadHtmlCacheBehavior [ RunTime:0.001000s ]
INFO: [ app_begin ] --END-- [ RunTime:0.001000s ]
NOTIC: [8] Undefined index: name D:\phpStudy\WWW\ebay\Application\Admin\Controller\LoginController.class.php 第 24 行.
NOTIC: [8] Undefined index: email D:\phpStudy\WWW\ebay\Application\Admin\Controller\LoginController.class.php 第 25 行.
SQL: SHOW COLUMNS FROM `eb_user` [ RunTime:0.0300s ]

[ 2017-07-08T13:02:34+08:00 ] 127.0.0.1 /ebay/index.php/admin/login/login_in/phone/2313/password/13131
INFO: [ app_init ] --START--
INFO: Run Behavior\BuildLiteBehavior [ RunTime:0.000000s ]
INFO: [ app_init ] --END-- [ RunTime:0.001000s ]
INFO: [ app_begin ] --START--
INFO: Run Behavior\ReadHtmlCacheBehavior [ RunTime:0.000000s ]
INFO: [ app_begin ] --END-- [ RunTime:0.000000s ]
NOTIC: [8] Undefined index: name D:\phpStudy\WWW\ebay\Application\Admin\Controller\LoginController.class.php 第 24 行.
NOTIC: [8] Undefined index: email D:\phpStudy\WWW\ebay\Application\Admin\Controller\LoginController.class.php 第 25 行.
SQL: SHOW COLUMNS FROM `eb_user` [ RunTime:0.0280s ]
SQL: select uid,mobile,email,headimg,nickname,token from `eb_user` 
                WHERE `is_visible` = '0' AND `mobile` = '2313' [ RunTime:0.0010s ]
INFO: [ app_end ] --START--
INFO: Run Behavior\ShowPageTraceBehavior [ RunTime:0.001000s ]
INFO: [ app_end ] --END-- [ RunTime:0.001000s ]

[ 2017-07-08T13:03:06+08:00 ] 127.0.0.1 /ebay/index.php/admin/login/login_in/phone/2313/password/13131
INFO: [ app_init ] --START--
INFO: Run Behavior\BuildLiteBehavior [ RunTime:0.000000s ]
INFO: [ app_init ] --END-- [ RunTime:0.000000s ]
INFO: [ app_begin ] --START--
INFO: Run Behavior\ReadHtmlCacheBehavior [ RunTime:0.001000s ]
INFO: [ app_begin ] --END-- [ RunTime:0.001000s ]
NOTIC: [8] Undefined index: name D:\phpStudy\WWW\ebay\Application\Admin\Controller\LoginController.class.php 第 24 行.
NOTIC: [8] Undefined index: email D:\phpStudy\WWW\ebay\Application\Admin\Controller\LoginController.class.php 第 25 行.
SQL: SHOW COLUMNS FROM `eb_user` [ RunTime:0.0270s ]
ERR: Think\Model:queryRow方法不存在！

[ 2017-07-08T15:04:13+08:00 ] 127.0.0.1 /ebay/index.php/admin/login/register/phone/2313/password/13131
INFO: [ app_init ] --START--
INFO: Run Behavior\BuildLiteBehavior [ RunTime:0.000000s ]
INFO: [ app_init ] --END-- [ RunTime:0.000000s ]
INFO: [ app_begin ] --START--
INFO: Run Behavior\ReadHtmlCacheBehavior [ RunTime:0.001000s ]
INFO: [ app_begin ] --END-- [ RunTime:0.001000s ]
NOTIC: [2] Illegal string offset 'phone' D:\phpStudy\WWW\ebay\Application\Admin\Controller\LoginController.class.php 第 23 行.
NOTIC: [8] Uninitialized string offset: 0 D:\phpStudy\WWW\ebay\Application\Admin\Controller\LoginController.class.php 第 23 行.
NOTIC: [2] Illegal string offset 'nickname' D:\phpStudy\WWW\ebay\Application\Admin\Controller\LoginController.class.php 第 24 行.
NOTIC: [8] Uninitialized string offset: 0 D:\phpStudy\WWW\ebay\Application\Admin\Controller\LoginController.class.php 第 24 行.
NOTIC: [2] Illegal string offset 'password' D:\phpStudy\WWW\ebay\Application\Admin\Controller\LoginController.class.php 第 25 行.
NOTIC: [8] Uninitialized string offset: 0 D:\phpStudy\WWW\ebay\Application\Admin\Controller\LoginController.class.php 第 25 行.
INFO: [ app_end ] --START--
INFO: Run Behavior\ShowPageTraceBehavior [ RunTime:0.001000s ]
INFO: [ app_end ] --END-- [ RunTime:0.001000s ]

[ 2017-07-08T15:04:34+08:00 ] 127.0.0.1 /ebay/index.php/admin/login/register/phone/2313/password/13131
INFO: [ app_init ] --START--
INFO: Run Behavior\BuildLiteBehavior [ RunTime:0.000000s ]
INFO: [ app_init ] --END-- [ RunTime:0.001000s ]
INFO: [ app_begin ] --START--
INFO: Run Behavior\ReadHtmlCacheBehavior [ RunTime:0.001000s ]
INFO: [ app_begin ] --END-- [ RunTime:0.001000s ]
NOTIC: [2] Illegal string offset 'phone' D:\phpStudy\WWW\ebay\Application\Admin\Controller\LoginController.class.php 第 23 行.
NOTIC: [8] Uninitialized string offset: 0 D:\phpStudy\WWW\ebay\Application\Admin\Controller\LoginController.class.php 第 23 行.
NOTIC: [2] Illegal string offset 'nickname' D:\phpStudy\WWW\ebay\Application\Admin\Controller\LoginController.class.php 第 24 行.
NOTIC: [8] Uninitialized string offset: 0 D:\phpStudy\WWW\ebay\Application\Admin\Controller\LoginController.class.php 第 24 行.
NOTIC: [2] Illegal string offset 'password' D:\phpStudy\WWW\ebay\Application\Admin\Controller\LoginController.class.php 第 25 行.
NOTIC: [8] Uninitialized string offset: 0 D:\phpStudy\WWW\ebay\Application\Admin\Controller\LoginController.class.php 第 25 行.

[ 2017-07-08T15:04:43+08:00 ] 127.0.0.1 /ebay/index.php/admin/login/register/phone/2313/password/13131
INFO: [ app_init ] --START--
INFO: Run Behavior\BuildLiteBehavior [ RunTime:0.000000s ]
INFO: [ app_init ] --END-- [ RunTime:0.001000s ]
INFO: [ app_begin ] --START--
INFO: Run Behavior\ReadHtmlCacheBehavior [ RunTime:0.001000s ]
INFO: [ app_begin ] --END-- [ RunTime:0.001000s ]
NOTIC: [2] Illegal string offset 'phone' D:\phpStudy\WWW\ebay\Application\Admin\Controller\LoginController.class.php 第 23 行.
NOTIC: [8] Uninitialized string offset: 0 D:\phpStudy\WWW\ebay\Application\Admin\Controller\LoginController.class.php 第 23 行.
NOTIC: [2] Illegal string offset 'nickname' D:\phpStudy\WWW\ebay\Application\Admin\Controller\LoginController.class.php 第 24 行.
NOTIC: [8] Uninitialized string offset: 0 D:\phpStudy\WWW\ebay\Application\Admin\Controller\LoginController.class.php 第 24 行.
NOTIC: [2] Illegal string offset 'password' D:\phpStudy\WWW\ebay\Application\Admin\Controller\LoginController.class.php 第 25 行.
NOTIC: [8] Uninitialized string offset: 0 D:\phpStudy\WWW\ebay\Application\Admin\Controller\LoginController.class.php 第 25 行.

[ 2017-07-08T15:05:02+08:00 ] 127.0.0.1 /ebay/index.php/admin/login/register/phone/2313/password/13131
INFO: [ app_init ] --START--
INFO: Run Behavior\BuildLiteBehavior [ RunTime:0.000000s ]
INFO: [ app_init ] --END-- [ RunTime:0.001000s ]
INFO: [ app_begin ] --START--
INFO: Run Behavior\ReadHtmlCacheBehavior [ RunTime:0.000000s ]
INFO: [ app_begin ] --END-- [ RunTime:0.000000s ]
NOTIC: [2] Illegal string offset 'phone' D:\phpStudy\WWW\ebay\Application\Admin\Controller\LoginController.class.php 第 23 行.
NOTIC: [8] Uninitialized string offset: 0 D:\phpStudy\WWW\ebay\Application\Admin\Controller\LoginController.class.php 第 23 行.
NOTIC: [2] Illegal string offset 'nickname' D:\phpStudy\WWW\ebay\Application\Admin\Controller\LoginController.class.php 第 24 行.
NOTIC: [8] Uninitialized string offset: 0 D:\phpStudy\WWW\ebay\Application\Admin\Controller\LoginController.class.php 第 24 行.
NOTIC: [2] Illegal string offset 'password' D:\phpStudy\WWW\ebay\Application\Admin\Controller\LoginController.class.php 第 25 行.
NOTIC: [8] Uninitialized string offset: 0 D:\phpStudy\WWW\ebay\Application\Admin\Controller\LoginController.class.php 第 25 行.
NOTIC: [8] Uninitialized string offset: 62 D:\phpStudy\WWW\ebay\Application\Admin\Controller\LoginController.class.php 第 104 行.
SQL: SHOW COLUMNS FROM `eb_user` [ RunTime:0.0280s ]
SQL: SHOW COLUMNS FROM `eb_user` [ RunTime:0.0130s ]
SQL: SELECT * FROM `eb_user` ORDER BY uid desc LIMIT 1   [ RunTime:0.0010s ]
INFO: [ app_end ] --START--
INFO: Run Behavior\ShowPageTraceBehavior [ RunTime:0.000000s ]
INFO: [ app_end ] --END-- [ RunTime:0.000000s ]

[ 2017-07-08T15:05:07+08:00 ] 127.0.0.1 /ebay/index.php/admin/login/register/phone/2313/password/13131
INFO: [ app_init ] --START--
INFO: Run Behavior\BuildLiteBehavior [ RunTime:0.000000s ]
INFO: [ app_init ] --END-- [ RunTime:0.000000s ]
INFO: [ app_begin ] --START--
INFO: Run Behavior\ReadHtmlCacheBehavior [ RunTime:0.000000s ]
INFO: [ app_begin ] --END-- [ RunTime:0.000000s ]
NOTIC: [2] Illegal string offset 'phone' D:\phpStudy\WWW\ebay\Application\Admin\Controller\LoginController.class.php 第 23 行.
NOTIC: [8] Uninitialized string offset: 0 D:\phpStudy\WWW\ebay\Application\Admin\Controller\LoginController.class.php 第 23 行.
NOTIC: [2] Illegal string offset 'nickname' D:\phpStudy\WWW\ebay\Application\Admin\Controller\LoginController.class.php 第 24 行.
NOTIC: [8] Uninitialized string offset: 0 D:\phpStudy\WWW\ebay\Application\Admin\Controller\LoginController.class.php 第 24 行.
NOTIC: [2] Illegal string offset 'password' D:\phpStudy\WWW\ebay\Application\Admin\Controller\LoginController.class.php 第 25 行.
NOTIC: [8] Uninitialized string offset: 0 D:\phpStudy\WWW\ebay\Application\Admin\Controller\LoginController.class.php 第 25 行.
SQL: SHOW COLUMNS FROM `eb_user` [ RunTime:0.0210s ]
SQL: SHOW COLUMNS FROM `eb_user` [ RunTime:0.0120s ]
SQL: SELECT * FROM `eb_user` ORDER BY uid desc LIMIT 1   [ RunTime:0.0000s ]
INFO: [ app_end ] --START--
INFO: Run Behavior\ShowPageTraceBehavior [ RunTime:0.001000s ]
INFO: [ app_end ] --END-- [ RunTime:0.001000s ]

[ 2017-07-08T17:11:41+08:00 ] 127.0.0.1 /ebay/index.php/admin/login/sms/mobile/15808278683
INFO: [ app_init ] --START--
INFO: Run Behavior\BuildLiteBehavior [ RunTime:0.000000s ]
INFO: [ app_init ] --END-- [ RunTime:0.001000s ]
INFO: [ app_begin ] --START--
INFO: Run Behavior\ReadHtmlCacheBehavior [ RunTime:0.000000s ]
INFO: [ app_begin ] --END-- [ RunTime:0.000000s ]
ERR: 非法操作:sms

[ 2017-07-08T17:12:08+08:00 ] 127.0.0.1 /ebay/index.php/admin/login/sms/mobile/15808278683
INFO: [ app_init ] --START--
INFO: Run Behavior\BuildLiteBehavior [ RunTime:0.000000s ]
INFO: [ app_init ] --END-- [ RunTime:0.000000s ]
INFO: [ app_begin ] --START--
INFO: Run Behavior\ReadHtmlCacheBehavior [ RunTime:0.001001s ]
INFO: [ app_begin ] --END-- [ RunTime:0.001001s ]
NOTIC: [8] Undefined index: send_code D:\phpStudy\WWW\ebay\Application\Admin\Controller\LoginController.class.php 第 199 行.

[ 2017-07-08T17:12:50+08:00 ] 127.0.0.1 /ebay/index.php/admin/login/sms/mobile/15808278683
INFO: [ app_init ] --START--
INFO: Run Behavior\BuildLiteBehavior [ RunTime:0.000000s ]
INFO: [ app_init ] --END-- [ RunTime:0.001000s ]
INFO: [ app_begin ] --START--
INFO: Run Behavior\ReadHtmlCacheBehavior [ RunTime:0.001000s ]
INFO: [ app_begin ] --END-- [ RunTime:0.001000s ]
NOTIC: [8] Undefined index: send_code D:\phpStudy\WWW\ebay\Application\Admin\Controller\LoginController.class.php 第 199 行.

[ 2017-07-08T17:13:13+08:00 ] 127.0.0.1 /ebay/index.php/admin/login/sms/mobile/15808278683
INFO: [ app_init ] --START--
INFO: Run Behavior\BuildLiteBehavior [ RunTime:0.000000s ]
INFO: [ app_init ] --END-- [ RunTime:0.000000s ]
INFO: [ app_begin ] --START--
INFO: Run Behavior\ReadHtmlCacheBehavior [ RunTime:0.000000s ]
INFO: [ app_begin ] --END-- [ RunTime:0.001000s ]
NOTIC: [8] Undefined index: send_code D:\phpStudy\WWW\ebay\Application\Admin\Controller\LoginController.class.php 第 199 行.
NOTIC: [8] Undefined index: SubmitResult D:\phpStudy\WWW\ebay\Application\Admin\Controller\LoginController.class.php 第 213 行.
NOTIC: [8] Undefined index: SubmitResult D:\phpStudy\WWW\ebay\Application\Admin\Controller\LoginController.class.php 第 217 行.
INFO: [ app_end ] --START--
INFO: Run Behavior\ShowPageTraceBehavior [ RunTime:0.002001s ]
INFO: [ app_end ] --END-- [ RunTime:0.002001s ]

[ 2017-07-08T17:14:49+08:00 ] 127.0.0.1 /ebay/index.php/admin/login/sms/mobile/15808278683
INFO: [ app_init ] --START--
INFO: Run Behavior\BuildLiteBehavior [ RunTime:0.000000s ]
INFO: [ app_init ] --END-- [ RunTime:0.001000s ]
INFO: [ app_begin ] --START--
INFO: Run Behavior\ReadHtmlCacheBehavior [ RunTime:0.001000s ]
INFO: [ app_begin ] --END-- [ RunTime:0.001000s ]
NOTIC: [8] A session had already been started - ignoring session_start() D:\phpStudy\WWW\ebay\Application\Admin\Controller\LoginController.class.php 第 194 行.
NOTIC: [8] Undefined index: send_code D:\phpStudy\WWW\ebay\Application\Admin\Controller\LoginController.class.php 第 201 行.

[ 2017-07-08T17:14:51+08:00 ] 127.0.0.1 /ebay/index.php/admin/login/sms/mobile/15808278683
INFO: [ app_init ] --START--
INFO: Run Behavior\BuildLiteBehavior [ RunTime:0.000000s ]
INFO: [ app_init ] --END-- [ RunTime:0.000000s ]
INFO: [ app_begin ] --START--
INFO: Run Behavior\ReadHtmlCacheBehavior [ RunTime:0.000000s ]
INFO: [ app_begin ] --END-- [ RunTime:0.000000s ]
NOTIC: [8] A session had already been started - ignoring session_start() D:\phpStudy\WWW\ebay\Application\Admin\Controller\LoginController.class.php 第 194 行.
NOTIC: [8] Undefined index: send_code D:\phpStudy\WWW\ebay\Application\Admin\Controller\LoginController.class.php 第 201 行.

[ 2017-07-08T17:14:51+08:00 ] 127.0.0.1 /ebay/index.php/admin/login/sms/mobile/15808278683
INFO: [ app_init ] --START--
INFO: Run Behavior\BuildLiteBehavior [ RunTime:0.000000s ]
INFO: [ app_init ] --END-- [ RunTime:0.001000s ]
INFO: [ app_begin ] --START--
INFO: Run Behavior\ReadHtmlCacheBehavior [ RunTime:0.001000s ]
INFO: [ app_begin ] --END-- [ RunTime:0.001000s ]
NOTIC: [8] A session had already been started - ignoring session_start() D:\phpStudy\WWW\ebay\Application\Admin\Controller\LoginController.class.php 第 194 行.
NOTIC: [8] Undefined index: send_code D:\phpStudy\WWW\ebay\Application\Admin\Controller\LoginController.class.php 第 201 行.

[ 2017-07-08T17:14:51+08:00 ] 127.0.0.1 /ebay/index.php/admin/login/sms/mobile/15808278683
INFO: [ app_init ] --START--
INFO: Run Behavior\BuildLiteBehavior [ RunTime:0.000000s ]
INFO: [ app_init ] --END-- [ RunTime:0.000000s ]
INFO: [ app_begin ] --START--
INFO: Run Behavior\ReadHtmlCacheBehavior [ RunTime:0.000000s ]
INFO: [ app_begin ] --END-- [ RunTime:0.000000s ]
NOTIC: [8] A session had already been started - ignoring session_start() D:\phpStudy\WWW\ebay\Application\Admin\Controller\LoginController.class.php 第 194 行.
NOTIC: [8] Undefined index: send_code D:\phpStudy\WWW\ebay\Application\Admin\Controller\LoginController.class.php 第 201 行.

[ 2017-07-08T17:14:52+08:00 ] 127.0.0.1 /ebay/index.php/admin/login/sms/mobile/15808278683
INFO: [ app_init ] --START--
INFO: Run Behavior\BuildLiteBehavior [ RunTime:0.000000s ]
INFO: [ app_init ] --END-- [ RunTime:0.000000s ]
INFO: [ app_begin ] --START--
INFO: Run Behavior\ReadHtmlCacheBehavior [ RunTime:0.000000s ]
INFO: [ app_begin ] --END-- [ RunTime:0.000000s ]
NOTIC: [8] A session had already been started - ignoring session_start() D:\phpStudy\WWW\ebay\Application\Admin\Controller\LoginController.class.php 第 194 行.
NOTIC: [8] Undefined index: send_code D:\phpStudy\WWW\ebay\Application\Admin\Controller\LoginController.class.php 第 201 行.

[ 2017-07-08T17:14:52+08:00 ] 127.0.0.1 /ebay/index.php/admin/login/sms/mobile/15808278683
INFO: [ app_init ] --START--
INFO: Run Behavior\BuildLiteBehavior [ RunTime:0.000000s ]
INFO: [ app_init ] --END-- [ RunTime:0.000000s ]
INFO: [ app_begin ] --START--
INFO: Run Behavior\ReadHtmlCacheBehavior [ RunTime:0.001000s ]
INFO: [ app_begin ] --END-- [ RunTime:0.001000s ]
NOTIC: [8] A session had already been started - ignoring session_start() D:\phpStudy\WWW\ebay\Application\Admin\Controller\LoginController.class.php 第 194 行.
NOTIC: [8] Undefined index: send_code D:\phpStudy\WWW\ebay\Application\Admin\Controller\LoginController.class.php 第 201 行.

[ 2017-07-08T17:14:52+08:00 ] 127.0.0.1 /ebay/index.php/admin/login/sms/mobile/15808278683
INFO: [ app_init ] --START--
INFO: Run Behavior\BuildLiteBehavior [ RunTime:0.000000s ]
INFO: [ app_init ] --END-- [ RunTime:0.001000s ]
INFO: [ app_begin ] --START--
INFO: Run Behavior\ReadHtmlCacheBehavior [ RunTime:0.001000s ]
INFO: [ app_begin ] --END-- [ RunTime:0.001000s ]
NOTIC: [8] A session had already been started - ignoring session_start() D:\phpStudy\WWW\ebay\Application\Admin\Controller\LoginController.class.php 第 194 行.
NOTIC: [8] Undefined index: send_code D:\phpStudy\WWW\ebay\Application\Admin\Controller\LoginController.class.php 第 201 行.

[ 2017-07-08T17:14:52+08:00 ] 127.0.0.1 /ebay/index.php/admin/login/sms/mobile/15808278683
INFO: [ app_init ] --START--
INFO: Run Behavior\BuildLiteBehavior [ RunTime:0.000000s ]
INFO: [ app_init ] --END-- [ RunTime:0.001000s ]
INFO: [ app_begin ] --START--
INFO: Run Behavior\ReadHtmlCacheBehavior [ RunTime:0.001000s ]
INFO: [ app_begin ] --END-- [ RunTime:0.001000s ]
NOTIC: [8] A session had already been started - ignoring session_start() D:\phpStudy\WWW\ebay\Application\Admin\Controller\LoginController.class.php 第 194 行.
NOTIC: [8] Undefined index: send_code D:\phpStudy\WWW\ebay\Application\Admin\Controller\LoginController.class.php 第 201 行.

[ 2017-07-08T17:15:09+08:00 ] 127.0.0.1 /ebay/index.php/admin/login/sms/mobile/15808278683
INFO: [ app_init ] --START--
INFO: Run Behavior\BuildLiteBehavior [ RunTime:0.000000s ]
INFO: [ app_init ] --END-- [ RunTime:0.001000s ]
INFO: [ app_begin ] --START--
INFO: Run Behavior\ReadHtmlCacheBehavior [ RunTime:0.000000s ]
INFO: [ app_begin ] --END-- [ RunTime:0.000000s ]
NOTIC: [8] A session had already been started - ignoring session_start() D:\phpStudy\WWW\ebay\Application\Admin\Controller\LoginController.class.php 第 194 行.

[ 2017-07-08T17:32:18+08:00 ] 127.0.0.1 /ebay/index.php/Admin/login/sms/15808278683
INFO: [ app_init ] --START--
INFO: Run Behavior\BuildLiteBehavior [ RunTime:0.000000s ]
INFO: [ app_init ] --END-- [ RunTime:0.000000s ]
INFO: [ app_begin ] --START--
INFO: Run Behavior\ReadHtmlCacheBehavior [ RunTime:0.001000s ]
INFO: [ app_begin ] --END-- [ RunTime:0.001000s ]
NOTIC: [8] A session had already been started - ignoring session_start() D:\phpStudy\WWW\ebay\Application\Admin\Controller\LoginController.class.php 第 194 行.
NOTIC: [8] Undefined index: mobile D:\phpStudy\WWW\ebay\Application\Admin\Controller\LoginController.class.php 第 199 行.
NOTIC: [8] Undefined index: send_code D:\phpStudy\WWW\ebay\Application\Admin\Controller\LoginController.class.php 第 201 行.

[ 2017-07-08T17:32:29+08:00 ] 127.0.0.1 /ebay/index.php/Admin/login/sms/mobile/15808278683
INFO: [ app_init ] --START--
INFO: Run Behavior\BuildLiteBehavior [ RunTime:0.000000s ]
INFO: [ app_init ] --END-- [ RunTime:0.001000s ]
INFO: [ app_begin ] --START--
INFO: Run Behavior\ReadHtmlCacheBehavior [ RunTime:0.000000s ]
INFO: [ app_begin ] --END-- [ RunTime:0.000000s ]
NOTIC: [8] A session had already been started - ignoring session_start() D:\phpStudy\WWW\ebay\Application\Admin\Controller\LoginController.class.php 第 194 行.
NOTIC: [8] Undefined index: send_code D:\phpStudy\WWW\ebay\Application\Admin\Controller\LoginController.class.php 第 201 行.

[ 2017-07-08T17:33:06+08:00 ] 127.0.0.1 /ebay/index.php/Admin/login/sms/mobile/15808278683
INFO: [ app_init ] --START--
INFO: Run Behavior\BuildLiteBehavior [ RunTime:0.000000s ]
INFO: [ app_init ] --END-- [ RunTime:0.000000s ]
INFO: [ app_begin ] --START--
INFO: Run Behavior\ReadHtmlCacheBehavior [ RunTime:0.000000s ]
INFO: [ app_begin ] --END-- [ RunTime:0.000000s ]
NOTIC: [8] A session had already been started - ignoring session_start() D:\phpStudy\WWW\ebay\Application\Admin\Controller\LoginController.class.php 第 194 行.
NOTIC: [8] Undefined index: send_code D:\phpStudy\WWW\ebay\Application\Admin\Controller\LoginController.class.php 第 201 行.
NOTIC: [8] Undefined index: SubmitResult D:\phpStudy\WWW\ebay\Application\Admin\Controller\LoginController.class.php 第 215 行.
NOTIC: [8] Undefined index: SubmitResult D:\phpStudy\WWW\ebay\Application\Admin\Controller\LoginController.class.php 第 219 行.
INFO: [ app_end ] --START--
INFO: Run Behavior\ShowPageTraceBehavior [ RunTime:0.001000s ]
INFO: [ app_end ] --END-- [ RunTime:0.001000s ]

