[ 2017-07-23T15:09:53+08:00 ] 127.0.0.1 /ebay/index.php/admin/attention/get_attention
INFO: [ app_init ] --START--
INFO: Run Behavior\BuildLiteBehavior [ RunTime:0.000000s ]
INFO: [ app_init ] --END-- [ RunTime:0.001000s ]

[ 2017-07-23T15:10:48+08:00 ] 127.0.0.1 /ebay/index.php/admin/attention/get_attention
INFO: [ app_init ] --START--
INFO: Run Behavior\BuildLiteBehavior [ RunTime:0.000000s ]
INFO: [ app_init ] --END-- [ RunTime:0.038002s ]
INFO: [ app_begin ] --START--
INFO: Run Behavior\ReadHtmlCacheBehavior [ RunTime:0.018001s ]
INFO: [ app_begin ] --END-- [ RunTime:0.018001s ]
NOTIC: [8] Undefined index: uid D:\phpStudy\WWW\ebay\Application\Admin\Controller\AttentionController.class.php 第 77 行.
NOTIC: [8] Undefined index: token D:\phpStudy\WWW\ebay\Application\Admin\Controller\AttentionController.class.php 第 78 行.
INFO: [ app_end ] --START--
INFO: Run Behavior\ShowPageTraceBehavior [ RunTime:0.002000s ]
INFO: [ app_end ] --END-- [ RunTime:0.002000s ]

[ 2017-07-23T15:10:51+08:00 ] 127.0.0.1 /ebay/index.php/admin/attention/get_attention
INFO: [ app_init ] --START--
INFO: Run Behavior\BuildLiteBehavior [ RunTime:0.001000s ]
INFO: [ app_init ] --END-- [ RunTime:0.001000s ]
INFO: [ app_begin ] --START--
INFO: Run Behavior\ReadHtmlCacheBehavior [ RunTime:0.001000s ]
INFO: [ app_begin ] --END-- [ RunTime:0.001000s ]
NOTIC: [8] Undefined index: uid D:\phpStudy\WWW\ebay\Application\Admin\Controller\AttentionController.class.php 第 77 行.
NOTIC: [8] Undefined index: token D:\phpStudy\WWW\ebay\Application\Admin\Controller\AttentionController.class.php 第 78 行.
INFO: [ app_end ] --START--
INFO: Run Behavior\ShowPageTraceBehavior [ RunTime:0.001000s ]
INFO: [ app_end ] --END-- [ RunTime:0.001000s ]

[ 2017-07-23T15:10:59+08:00 ] 127.0.0.1 /ebay/index.php/admin/attention/get_attention
INFO: [ app_init ] --START--
INFO: Run Behavior\BuildLiteBehavior [ RunTime:0.000000s ]
INFO: [ app_init ] --END-- [ RunTime:0.001000s ]
INFO: [ app_begin ] --START--
INFO: Run Behavior\ReadHtmlCacheBehavior [ RunTime:0.001000s ]
INFO: [ app_begin ] --END-- [ RunTime:0.001000s ]
NOTIC: [8] Undefined index: uid D:\phpStudy\WWW\ebay\Application\Admin\Controller\AttentionController.class.php 第 77 行.
NOTIC: [8] Undefined index: token D:\phpStudy\WWW\ebay\Application\Admin\Controller\AttentionController.class.php 第 78 行.
INFO: [ app_end ] --START--
INFO: Run Behavior\ShowPageTraceBehavior [ RunTime:0.000000s ]
INFO: [ app_end ] --END-- [ RunTime:0.000000s ]

[ 2017-07-23T15:11:08+08:00 ] 127.0.0.1 /ebay/index.php/Admin/attention/get_attention
INFO: [ app_init ] --START--
INFO: Run Behavior\BuildLiteBehavior [ RunTime:0.000000s ]
INFO: [ app_init ] --END-- [ RunTime:0.000000s ]
INFO: [ app_begin ] --START--
INFO: Run Behavior\ReadHtmlCacheBehavior [ RunTime:0.000000s ]
INFO: [ app_begin ] --END-- [ RunTime:0.000000s ]
NOTIC: [8] Undefined index: uid D:\phpStudy\WWW\ebay\Application\Admin\Controller\AttentionController.class.php 第 77 行.
NOTIC: [8] Undefined index: token D:\phpStudy\WWW\ebay\Application\Admin\Controller\AttentionController.class.php 第 78 行.
INFO: [ app_end ] --START--
INFO: Run Behavior\ShowPageTraceBehavior [ RunTime:0.000000s ]
INFO: [ app_end ] --END-- [ RunTime:0.000000s ]

[ 2017-07-23T15:11:12+08:00 ] 127.0.0.1 /ebay/index.php/Admin/Attention/get_attention
INFO: [ app_init ] --START--
INFO: Run Behavior\BuildLiteBehavior [ RunTime:0.000000s ]
INFO: [ app_init ] --END-- [ RunTime:0.000000s ]
INFO: [ app_begin ] --START--
INFO: Run Behavior\ReadHtmlCacheBehavior [ RunTime:0.000000s ]
INFO: [ app_begin ] --END-- [ RunTime:0.000000s ]
NOTIC: [8] Undefined index: uid D:\phpStudy\WWW\ebay\Application\Admin\Controller\AttentionController.class.php 第 77 行.
NOTIC: [8] Undefined index: token D:\phpStudy\WWW\ebay\Application\Admin\Controller\AttentionController.class.php 第 78 行.
INFO: [ app_end ] --START--
INFO: Run Behavior\ShowPageTraceBehavior [ RunTime:0.001000s ]
INFO: [ app_end ] --END-- [ RunTime:0.001000s ]

[ 2017-07-23T15:12:09+08:00 ] 127.0.0.1 /ebay/Admin/sort_content
INFO: [ app_init ] --START--
INFO: Run Behavior\BuildLiteBehavior [ RunTime:0.000000s ]
INFO: [ app_init ] --END-- [ RunTime:0.000000s ]
INFO: [ app_begin ] --START--
INFO: Run Behavior\ReadHtmlCacheBehavior [ RunTime:0.000000s ]
INFO: [ app_begin ] --END-- [ RunTime:0.000000s ]
ERR: 无法加载控制器:Sort_content

[ 2017-07-23T15:12:35+08:00 ] 127.0.0.1 /ebay/index.php/admin/sort_content
INFO: [ app_init ] --START--
INFO: Run Behavior\BuildLiteBehavior [ RunTime:0.000000s ]
INFO: [ app_init ] --END-- [ RunTime:0.000000s ]
INFO: [ app_begin ] --START--
INFO: Run Behavior\ReadHtmlCacheBehavior [ RunTime:0.000000s ]
INFO: [ app_begin ] --END-- [ RunTime:0.000000s ]
ERR: 无法加载控制器:Sort_content

[ 2017-07-23T15:12:38+08:00 ] 127.0.0.1 /ebay/index.php/admin/sort_content
INFO: [ app_init ] --START--
INFO: Run Behavior\BuildLiteBehavior [ RunTime:0.000000s ]
INFO: [ app_init ] --END-- [ RunTime:0.001000s ]
INFO: [ app_begin ] --START--
INFO: Run Behavior\ReadHtmlCacheBehavior [ RunTime:0.001000s ]
INFO: [ app_begin ] --END-- [ RunTime:0.001000s ]
ERR: 无法加载控制器:Sort_content

[ 2017-07-23T15:12:40+08:00 ] 127.0.0.1 /ebay/index.php/admin/
INFO: [ app_init ] --START--
INFO: Run Behavior\BuildLiteBehavior [ RunTime:0.000000s ]
INFO: [ app_init ] --END-- [ RunTime:0.001000s ]
INFO: [ app_begin ] --START--
INFO: Run Behavior\ReadHtmlCacheBehavior [ RunTime:0.000000s ]
INFO: [ app_begin ] --END-- [ RunTime:0.000000s ]
ERR: 无法加载控制器:Index

[ 2017-07-23T15:12:43+08:00 ] 127.0.0.1 /ebay/index.php/admin
INFO: [ app_init ] --START--
INFO: Run Behavior\BuildLiteBehavior [ RunTime:0.000000s ]
INFO: [ app_init ] --END-- [ RunTime:0.001000s ]
INFO: [ app_begin ] --START--
INFO: Run Behavior\ReadHtmlCacheBehavior [ RunTime:0.001000s ]
INFO: [ app_begin ] --END-- [ RunTime:0.001000s ]
ERR: 无法加载控制器:Index

[ 2017-07-23T15:13:09+08:00 ] 127.0.0.1 /ebay/index.php/admin/login
INFO: [ app_init ] --START--
INFO: Run Behavior\BuildLiteBehavior [ RunTime:0.000000s ]
INFO: [ app_init ] --END-- [ RunTime:0.000000s ]
INFO: [ app_begin ] --START--
INFO: Run Behavior\ReadHtmlCacheBehavior [ RunTime:0.001000s ]
INFO: [ app_begin ] --END-- [ RunTime:0.001000s ]
ERR: 非法操作:index

[ 2017-07-23T15:13:17+08:00 ] 127.0.0.1 /ebay/index.php/admin/login/login_in
INFO: [ app_init ] --START--
INFO: Run Behavior\BuildLiteBehavior [ RunTime:0.000000s ]
INFO: [ app_init ] --END-- [ RunTime:0.001000s ]
INFO: [ app_begin ] --START--
INFO: Run Behavior\ReadHtmlCacheBehavior [ RunTime:0.000000s ]
INFO: [ app_begin ] --END-- [ RunTime:0.001000s ]
INFO: [ app_end ] --START--
INFO: Run Behavior\ShowPageTraceBehavior [ RunTime:0.000000s ]
INFO: [ app_end ] --END-- [ RunTime:0.000000s ]

[ 2017-07-23T15:13:33+08:00 ] 127.0.0.1 /ebay/index.php/admin/login/phone_code
INFO: [ app_init ] --START--
INFO: Run Behavior\BuildLiteBehavior [ RunTime:0.000000s ]
INFO: [ app_init ] --END-- [ RunTime:0.001000s ]
INFO: [ app_begin ] --START--
INFO: Run Behavior\ReadHtmlCacheBehavior [ RunTime:0.000000s ]
INFO: [ app_begin ] --END-- [ RunTime:0.000000s ]
NOTIC: [2] Illegal string offset 'phone' D:\phpStudy\WWW\ebay\Application\Admin\Controller\LoginController.class.php 第 25 行.
NOTIC: [8] Uninitialized string offset: 0 D:\phpStudy\WWW\ebay\Application\Admin\Controller\LoginController.class.php 第 25 行.
INFO: [ app_end ] --START--
INFO: Run Behavior\ShowPageTraceBehavior [ RunTime:0.000000s ]
INFO: [ app_end ] --END-- [ RunTime:0.000000s ]

[ 2017-07-23T15:13:41+08:00 ] 127.0.0.1 /ebay/index.php/admin/login/phone_code
INFO: [ app_init ] --START--
INFO: Run Behavior\BuildLiteBehavior [ RunTime:0.000000s ]
INFO: [ app_init ] --END-- [ RunTime:0.000000s ]
INFO: [ app_begin ] --START--
INFO: Run Behavior\ReadHtmlCacheBehavior [ RunTime:0.000000s ]
INFO: [ app_begin ] --END-- [ RunTime:0.000000s ]
NOTIC: [2] Illegal string offset 'phone' D:\phpStudy\WWW\ebay\Application\Admin\Controller\LoginController.class.php 第 25 行.
NOTIC: [8] Uninitialized string offset: 0 D:\phpStudy\WWW\ebay\Application\Admin\Controller\LoginController.class.php 第 25 行.
INFO: [ app_end ] --START--
INFO: Run Behavior\ShowPageTraceBehavior [ RunTime:0.001000s ]
INFO: [ app_end ] --END-- [ RunTime:0.001000s ]

[ 2017-07-23T15:13:42+08:00 ] 127.0.0.1 /ebay/index.php/admin/login/phone_code
INFO: [ app_init ] --START--
INFO: Run Behavior\BuildLiteBehavior [ RunTime:0.000000s ]
INFO: [ app_init ] --END-- [ RunTime:0.001000s ]
INFO: [ app_begin ] --START--
INFO: Run Behavior\ReadHtmlCacheBehavior [ RunTime:0.001000s ]
INFO: [ app_begin ] --END-- [ RunTime:0.001000s ]
NOTIC: [2] Illegal string offset 'phone' D:\phpStudy\WWW\ebay\Application\Admin\Controller\LoginController.class.php 第 25 行.
NOTIC: [8] Uninitialized string offset: 0 D:\phpStudy\WWW\ebay\Application\Admin\Controller\LoginController.class.php 第 25 行.
INFO: [ app_end ] --START--
INFO: Run Behavior\ShowPageTraceBehavior [ RunTime:0.001001s ]
INFO: [ app_end ] --END-- [ RunTime:0.001001s ]

[ 2017-07-23T15:13:42+08:00 ] 127.0.0.1 /ebay/index.php/admin/login/phone_code
INFO: [ app_init ] --START--
INFO: Run Behavior\BuildLiteBehavior [ RunTime:0.000000s ]
INFO: [ app_init ] --END-- [ RunTime:0.000000s ]
INFO: [ app_begin ] --START--
INFO: Run Behavior\ReadHtmlCacheBehavior [ RunTime:0.000000s ]
INFO: [ app_begin ] --END-- [ RunTime:0.000000s ]
NOTIC: [2] Illegal string offset 'phone' D:\phpStudy\WWW\ebay\Application\Admin\Controller\LoginController.class.php 第 25 行.
NOTIC: [8] Uninitialized string offset: 0 D:\phpStudy\WWW\ebay\Application\Admin\Controller\LoginController.class.php 第 25 行.
INFO: [ app_end ] --START--
INFO: Run Behavior\ShowPageTraceBehavior [ RunTime:0.000000s ]
INFO: [ app_end ] --END-- [ RunTime:0.000000s ]

[ 2017-07-23T15:13:42+08:00 ] 127.0.0.1 /ebay/index.php/admin/login/phone_code
INFO: [ app_init ] --START--
INFO: Run Behavior\BuildLiteBehavior [ RunTime:0.000000s ]
INFO: [ app_init ] --END-- [ RunTime:0.000000s ]
INFO: [ app_begin ] --START--
INFO: Run Behavior\ReadHtmlCacheBehavior [ RunTime:0.001000s ]
INFO: [ app_begin ] --END-- [ RunTime:0.001000s ]
NOTIC: [2] Illegal string offset 'phone' D:\phpStudy\WWW\ebay\Application\Admin\Controller\LoginController.class.php 第 25 行.
NOTIC: [8] Uninitialized string offset: 0 D:\phpStudy\WWW\ebay\Application\Admin\Controller\LoginController.class.php 第 25 行.
INFO: [ app_end ] --START--
INFO: Run Behavior\ShowPageTraceBehavior [ RunTime:0.000000s ]
INFO: [ app_end ] --END-- [ RunTime:0.000000s ]

[ 2017-07-23T15:13:58+08:00 ] 127.0.0.1 /ebay/index.php/admin/login/phone_code
INFO: [ app_init ] --START--
INFO: Run Behavior\BuildLiteBehavior [ RunTime:0.000000s ]
INFO: [ app_init ] --END-- [ RunTime:0.000000s ]
INFO: [ app_begin ] --START--
INFO: Run Behavior\ReadHtmlCacheBehavior [ RunTime:0.001000s ]
INFO: [ app_begin ] --END-- [ RunTime:0.001000s ]

[ 2017-07-23T15:14:21+08:00 ] 127.0.0.1 /ebay/index.php/admin/login/phone_code
INFO: [ app_init ] --START--
INFO: Run Behavior\BuildLiteBehavior [ RunTime:0.000000s ]
INFO: [ app_init ] --END-- [ RunTime:0.000000s ]
INFO: [ app_begin ] --START--
INFO: Run Behavior\ReadHtmlCacheBehavior [ RunTime:0.000000s ]
INFO: [ app_begin ] --END-- [ RunTime:0.000000s ]
NOTIC: [2] Illegal string offset 'phone' D:\phpStudy\WWW\ebay\Application\Admin\Controller\LoginController.class.php 第 25 行.
NOTIC: [8] Uninitialized string offset: 0 D:\phpStudy\WWW\ebay\Application\Admin\Controller\LoginController.class.php 第 25 行.

[ 2017-07-23T15:14:42+08:00 ] 127.0.0.1 /ebay/index.php/admin/login/phone_code
INFO: [ app_init ] --START--
INFO: Run Behavior\BuildLiteBehavior [ RunTime:0.000000s ]
INFO: [ app_init ] --END-- [ RunTime:0.001000s ]
INFO: [ app_begin ] --START--
INFO: Run Behavior\ReadHtmlCacheBehavior [ RunTime:0.001000s ]
INFO: [ app_begin ] --END-- [ RunTime:0.001000s ]
NOTIC: [2] Illegal string offset 'phone' D:\phpStudy\WWW\ebay\Application\Admin\Controller\LoginController.class.php 第 25 行.
NOTIC: [8] Uninitialized string offset: 0 D:\phpStudy\WWW\ebay\Application\Admin\Controller\LoginController.class.php 第 25 行.

[ 2017-07-23T15:14:42+08:00 ] 127.0.0.1 /ebay/index.php/admin/login/phone_code
INFO: [ app_init ] --START--
INFO: Run Behavior\BuildLiteBehavior [ RunTime:0.000000s ]
INFO: [ app_init ] --END-- [ RunTime:0.000000s ]
INFO: [ app_begin ] --START--
INFO: Run Behavior\ReadHtmlCacheBehavior [ RunTime:0.001000s ]
INFO: [ app_begin ] --END-- [ RunTime:0.001000s ]
NOTIC: [2] Illegal string offset 'phone' D:\phpStudy\WWW\ebay\Application\Admin\Controller\LoginController.class.php 第 25 行.
NOTIC: [8] Uninitialized string offset: 0 D:\phpStudy\WWW\ebay\Application\Admin\Controller\LoginController.class.php 第 25 行.

[ 2017-07-23T15:14:42+08:00 ] 127.0.0.1 /ebay/index.php/admin/login/phone_code
INFO: [ app_init ] --START--
INFO: Run Behavior\BuildLiteBehavior [ RunTime:0.000000s ]
INFO: [ app_init ] --END-- [ RunTime:0.001000s ]
INFO: [ app_begin ] --START--
INFO: Run Behavior\ReadHtmlCacheBehavior [ RunTime:0.001000s ]
INFO: [ app_begin ] --END-- [ RunTime:0.001000s ]
NOTIC: [2] Illegal string offset 'phone' D:\phpStudy\WWW\ebay\Application\Admin\Controller\LoginController.class.php 第 25 行.
NOTIC: [8] Uninitialized string offset: 0 D:\phpStudy\WWW\ebay\Application\Admin\Controller\LoginController.class.php 第 25 行.

[ 2017-07-23T15:14:42+08:00 ] 127.0.0.1 /ebay/index.php/admin/login/phone_code
INFO: [ app_init ] --START--
INFO: Run Behavior\BuildLiteBehavior [ RunTime:0.000000s ]
INFO: [ app_init ] --END-- [ RunTime:0.001000s ]
INFO: [ app_begin ] --START--
INFO: Run Behavior\ReadHtmlCacheBehavior [ RunTime:0.000000s ]
INFO: [ app_begin ] --END-- [ RunTime:0.000000s ]
NOTIC: [2] Illegal string offset 'phone' D:\phpStudy\WWW\ebay\Application\Admin\Controller\LoginController.class.php 第 25 行.
NOTIC: [8] Uninitialized string offset: 0 D:\phpStudy\WWW\ebay\Application\Admin\Controller\LoginController.class.php 第 25 行.

[ 2017-07-23T15:14:42+08:00 ] 127.0.0.1 /ebay/index.php/admin/login/phone_code
INFO: [ app_init ] --START--
INFO: Run Behavior\BuildLiteBehavior [ RunTime:0.000000s ]
INFO: [ app_init ] --END-- [ RunTime:0.000000s ]
INFO: [ app_begin ] --START--
INFO: Run Behavior\ReadHtmlCacheBehavior [ RunTime:0.001000s ]
INFO: [ app_begin ] --END-- [ RunTime:0.001000s ]
NOTIC: [2] Illegal string offset 'phone' D:\phpStudy\WWW\ebay\Application\Admin\Controller\LoginController.class.php 第 25 行.
NOTIC: [8] Uninitialized string offset: 0 D:\phpStudy\WWW\ebay\Application\Admin\Controller\LoginController.class.php 第 25 行.

[ 2017-07-23T15:15:17+08:00 ] 127.0.0.1 /ebay/index.php/admin/Attention/phone_code
INFO: [ app_init ] --START--
INFO: Run Behavior\BuildLiteBehavior [ RunTime:0.000000s ]
INFO: [ app_init ] --END-- [ RunTime:0.001000s ]
INFO: [ app_begin ] --START--
INFO: Run Behavior\ReadHtmlCacheBehavior [ RunTime:0.001000s ]
INFO: [ app_begin ] --END-- [ RunTime:0.001000s ]
ERR: 非法操作:phone_code

[ 2017-07-23T15:15:22+08:00 ] 127.0.0.1 /ebay/index.php/admin/Attention/attention
INFO: [ app_init ] --START--
INFO: Run Behavior\BuildLiteBehavior [ RunTime:0.000000s ]
INFO: [ app_init ] --END-- [ RunTime:0.000000s ]
INFO: [ app_begin ] --START--
INFO: Run Behavior\ReadHtmlCacheBehavior [ RunTime:0.001000s ]
INFO: [ app_begin ] --END-- [ RunTime:0.001000s ]
NOTIC: [8] Undefined index: uid D:\phpStudy\WWW\ebay\Application\Admin\Controller\AttentionController.class.php 第 19 行.
NOTIC: [8] Undefined index: token D:\phpStudy\WWW\ebay\Application\Admin\Controller\AttentionController.class.php 第 20 行.
NOTIC: [8] Undefined index: be_uid D:\phpStudy\WWW\ebay\Application\Admin\Controller\AttentionController.class.php 第 21 行.
INFO: [ app_end ] --START--
INFO: Run Behavior\ShowPageTraceBehavior [ RunTime:0.001000s ]
INFO: [ app_end ] --END-- [ RunTime:0.001000s ]

[ 2017-07-23T15:15:31+08:00 ] 127.0.0.1 /ebay/index.php/admin/Attention/get_attention
INFO: [ app_init ] --START--
INFO: Run Behavior\BuildLiteBehavior [ RunTime:0.001000s ]
INFO: [ app_init ] --END-- [ RunTime:0.001000s ]
INFO: [ app_begin ] --START--
INFO: Run Behavior\ReadHtmlCacheBehavior [ RunTime:0.001000s ]
INFO: [ app_begin ] --END-- [ RunTime:0.001000s ]
NOTIC: [8] Undefined index: uid D:\phpStudy\WWW\ebay\Application\Admin\Controller\AttentionController.class.php 第 77 行.
NOTIC: [8] Undefined index: token D:\phpStudy\WWW\ebay\Application\Admin\Controller\AttentionController.class.php 第 78 行.
INFO: [ app_end ] --START--
INFO: Run Behavior\ShowPageTraceBehavior [ RunTime:0.000000s ]
INFO: [ app_end ] --END-- [ RunTime:0.000000s ]

[ 2017-07-23T15:15:38+08:00 ] 127.0.0.1 /ebay/index.php/admin/Attention/get_attention
INFO: [ app_init ] --START--
INFO: Run Behavior\BuildLiteBehavior [ RunTime:0.000000s ]
INFO: [ app_init ] --END-- [ RunTime:0.000000s ]
INFO: [ app_begin ] --START--
INFO: Run Behavior\ReadHtmlCacheBehavior [ RunTime:0.001000s ]
INFO: [ app_begin ] --END-- [ RunTime:0.001000s ]
NOTIC: [8] Undefined index: uid D:\phpStudy\WWW\ebay\Application\Admin\Controller\AttentionController.class.php 第 77 行.
NOTIC: [8] Undefined index: token D:\phpStudy\WWW\ebay\Application\Admin\Controller\AttentionController.class.php 第 78 行.
SQL: SHOW COLUMNS FROM `eb_attention` [ RunTime:0.0500s ]
SQL: SELECT * FROM `eb_attention` WHERE `uid` = 0  [ RunTime:0.0010s ]
INFO: [ app_end ] --START--
INFO: Run Behavior\ShowPageTraceBehavior [ RunTime:0.000000s ]
INFO: [ app_end ] --END-- [ RunTime:0.000000s ]

[ 2017-07-23T15:16:56+08:00 ] 127.0.0.1 /ebay/index.php/admin/Attention/get_attention_info/uid/123
INFO: [ app_init ] --START--
INFO: Run Behavior\BuildLiteBehavior [ RunTime:0.000000s ]
INFO: [ app_init ] --END-- [ RunTime:0.001000s ]
INFO: [ app_begin ] --START--
INFO: Run Behavior\ReadHtmlCacheBehavior [ RunTime:0.001000s ]
INFO: [ app_begin ] --END-- [ RunTime:0.001000s ]
NOTIC: [8] Undefined index: token D:\phpStudy\WWW\ebay\Application\Admin\Controller\AttentionController.class.php 第 107 行.
SQL: SHOW COLUMNS FROM `eb_attention` [ RunTime:0.0170s ]
ERR: 1054:Unknown column 'O.uid' in 'where clause'
 [ SQL语句 ] : select O.* from `eb_attention` as a, `eb_objectlist` as O 
                WHERE a.uid = '123' AND a.be_uid = O.uid AND O.is_visible = 1 
                ORDER BY O.add_time DESC 
ERR: 1054:Unknown column 'O.uid' in 'where clause'
 [ SQL语句 ] : select O.* from `eb_attention` as a, `eb_objectlist` as O 
                WHERE a.uid = '123' AND a.be_uid = O.uid AND O.is_visible = 1 
                ORDER BY O.add_time DESC 

[ 2017-07-23T15:17:19+08:00 ] 127.0.0.1 /ebay/index.php/admin/Attention/get_attention_info/uid/123
INFO: [ app_init ] --START--
INFO: Run Behavior\BuildLiteBehavior [ RunTime:0.000000s ]
INFO: [ app_init ] --END-- [ RunTime:0.001000s ]
INFO: [ app_begin ] --START--
INFO: Run Behavior\ReadHtmlCacheBehavior [ RunTime:0.001000s ]
INFO: [ app_begin ] --END-- [ RunTime:0.001000s ]
NOTIC: [8] Undefined index: token D:\phpStudy\WWW\ebay\Application\Admin\Controller\AttentionController.class.php 第 107 行.
SQL: SHOW COLUMNS FROM `eb_attention` [ RunTime:0.0250s ]
ERR: 1054:Unknown column 'O.uid' in 'where clause'
 [ SQL语句 ] : select O.* from `eb_attention` as a, `eb_objectlist` as O 
                WHERE a.uid = '123' AND a.be_uid = O.uid AND O.is_visible = 1 
                ORDER BY O.add_time DESC 
ERR: 1054:Unknown column 'O.uid' in 'where clause'
 [ SQL语句 ] : select O.* from `eb_attention` as a, `eb_objectlist` as O 
                WHERE a.uid = '123' AND a.be_uid = O.uid AND O.is_visible = 1 
                ORDER BY O.add_time DESC 

[ 2017-07-23T15:17:20+08:00 ] 127.0.0.1 /ebay/index.php/admin/Attention/get_attention_info/uid/123
INFO: [ app_init ] --START--
INFO: Run Behavior\BuildLiteBehavior [ RunTime:0.000000s ]
INFO: [ app_init ] --END-- [ RunTime:0.001000s ]
INFO: [ app_begin ] --START--
INFO: Run Behavior\ReadHtmlCacheBehavior [ RunTime:0.000000s ]
INFO: [ app_begin ] --END-- [ RunTime:0.001000s ]
NOTIC: [8] Undefined index: token D:\phpStudy\WWW\ebay\Application\Admin\Controller\AttentionController.class.php 第 107 行.
SQL: SHOW COLUMNS FROM `eb_attention` [ RunTime:0.0290s ]
ERR: 1054:Unknown column 'O.uid' in 'where clause'
 [ SQL语句 ] : select O.* from `eb_attention` as a, `eb_objectlist` as O 
                WHERE a.uid = '123' AND a.be_uid = O.uid AND O.is_visible = 1 
                ORDER BY O.add_time DESC 
ERR: 1054:Unknown column 'O.uid' in 'where clause'
 [ SQL语句 ] : select O.* from `eb_attention` as a, `eb_objectlist` as O 
                WHERE a.uid = '123' AND a.be_uid = O.uid AND O.is_visible = 1 
                ORDER BY O.add_time DESC 

[ 2017-07-23T15:20:16+08:00 ] 127.0.0.1 /ebay/index.php/admin/Attention/get_attention_info/uid/123
INFO: [ app_init ] --START--
INFO: Run Behavior\BuildLiteBehavior [ RunTime:0.000000s ]
INFO: [ app_init ] --END-- [ RunTime:0.000000s ]
INFO: [ app_begin ] --START--
INFO: Run Behavior\ReadHtmlCacheBehavior [ RunTime:0.000000s ]
INFO: [ app_begin ] --END-- [ RunTime:0.000000s ]
NOTIC: [8] Undefined index: token D:\phpStudy\WWW\ebay\Application\Admin\Controller\AttentionController.class.php 第 107 行.
SQL: SHOW COLUMNS FROM `eb_attention` [ RunTime:0.0290s ]
SQL: select O.* from `eb_attention` as a, `eb_objectlist` as O 
                WHERE a.uid = '123' AND a.be_uid = O.formuserid AND O.is_visible = 1 
                ORDER BY O.add_time DESC  [ RunTime:0.0000s ]
INFO: [ app_end ] --START--
INFO: Run Behavior\ShowPageTraceBehavior [ RunTime:0.001000s ]
INFO: [ app_end ] --END-- [ RunTime:0.001000s ]

[ 2017-07-23T15:20:25+08:00 ] 127.0.0.1 /ebay/index.php/admin/Attention/get_attention_info/uid/123
INFO: [ app_init ] --START--
INFO: Run Behavior\BuildLiteBehavior [ RunTime:0.000000s ]
INFO: [ app_init ] --END-- [ RunTime:0.000000s ]
INFO: [ app_begin ] --START--
INFO: Run Behavior\ReadHtmlCacheBehavior [ RunTime:0.000000s ]
INFO: [ app_begin ] --END-- [ RunTime:0.000000s ]
NOTIC: [8] Undefined index: token D:\phpStudy\WWW\ebay\Application\Admin\Controller\AttentionController.class.php 第 107 行.
SQL: SHOW COLUMNS FROM `eb_attention` [ RunTime:0.0270s ]
SQL: select O.* from `eb_attention` as a, `eb_objectlist` as O 
                WHERE a.uid = '123' AND a.be_uid = O.formuserid AND O.is_visible = 1 
                ORDER BY O.add_time DESC  [ RunTime:0.0010s ]
INFO: [ app_end ] --START--
INFO: Run Behavior\ShowPageTraceBehavior [ RunTime:0.001000s ]
INFO: [ app_end ] --END-- [ RunTime:0.001000s ]

[ 2017-07-23T15:21:59+08:00 ] 127.0.0.1 /ebay/index.php/admin/Attention/get_attention_info/uid/123
INFO: [ app_init ] --START--
INFO: Run Behavior\BuildLiteBehavior [ RunTime:0.000000s ]
INFO: [ app_init ] --END-- [ RunTime:0.001000s ]
INFO: [ app_begin ] --START--
INFO: Run Behavior\ReadHtmlCacheBehavior [ RunTime:0.000000s ]
INFO: [ app_begin ] --END-- [ RunTime:0.000000s ]
NOTIC: [8] Undefined index: token D:\phpStudy\WWW\ebay\Application\Admin\Controller\AttentionController.class.php 第 107 行.
SQL: SHOW COLUMNS FROM `eb_attention` [ RunTime:0.0300s ]
SQL: select O.* from `eb_attention` as a, `eb_objectlist` as O 
                WHERE a.uid = '123' AND a.be_uid = O.formuserid AND O.is_visible = 1 
                ORDER BY O.add_time DESC  [ RunTime:0.0010s ]
INFO: [ app_end ] --START--
INFO: Run Behavior\ShowPageTraceBehavior [ RunTime:0.002000s ]
INFO: [ app_end ] --END-- [ RunTime:0.002000s ]

[ 2017-07-23T15:22:36+08:00 ] 127.0.0.1 /ebay/index.php/admin/Attention/get_attention_info/uid/123
INFO: [ app_init ] --START--
INFO: Run Behavior\BuildLiteBehavior [ RunTime:0.000000s ]
INFO: [ app_init ] --END-- [ RunTime:0.001000s ]
INFO: [ app_begin ] --START--
INFO: Run Behavior\ReadHtmlCacheBehavior [ RunTime:0.001000s ]
INFO: [ app_begin ] --END-- [ RunTime:0.001000s ]
NOTIC: [8] Undefined index: token D:\phpStudy\WWW\ebay\Application\Admin\Controller\AttentionController.class.php 第 107 行.
SQL: SHOW COLUMNS FROM `eb_attention` [ RunTime:0.0140s ]
SQL: select O.* from `eb_attention` as a, `eb_objectlist` as O 
                WHERE a.uid = '123' AND a.be_uid = O.formuserid AND O.is_visible = 1 
                ORDER BY O.add_time DESC  [ RunTime:0.0000s ]
INFO: [ app_end ] --START--
INFO: Run Behavior\ShowPageTraceBehavior [ RunTime:0.001000s ]
INFO: [ app_end ] --END-- [ RunTime:0.001000s ]

[ 2017-07-23T15:23:04+08:00 ] 127.0.0.1 /ebay/index.php/admin/Attention/get_attention_info/uid/123
INFO: [ app_init ] --START--
INFO: Run Behavior\BuildLiteBehavior [ RunTime:0.000000s ]
INFO: [ app_init ] --END-- [ RunTime:0.000000s ]
INFO: [ app_begin ] --START--
INFO: Run Behavior\ReadHtmlCacheBehavior [ RunTime:0.001000s ]
INFO: [ app_begin ] --END-- [ RunTime:0.001000s ]
NOTIC: [8] Undefined index: token D:\phpStudy\WWW\ebay\Application\Admin\Controller\AttentionController.class.php 第 107 行.
SQL: SHOW COLUMNS FROM `eb_attention` [ RunTime:0.0260s ]
SQL: select O.* from `eb_attention` as a, `eb_objectlist` as O 
                WHERE a.uid = '123' AND a.be_uid = O.formuserid AND O.is_visible = 1 
                ORDER BY O.add_time DESC  [ RunTime:0.0010s ]
INFO: [ app_end ] --START--
INFO: Run Behavior\ShowPageTraceBehavior [ RunTime:0.000000s ]
INFO: [ app_end ] --END-- [ RunTime:0.001000s ]

