[ 2017-07-10T09:49:54+08:00 ] 127.0.0.1 /ebay/index.php/Admin/sort/get_sort_list
INFO: [ app_init ] --START--
INFO: Run Behavior\BuildLiteBehavior [ RunTime:0.000000s ]
INFO: [ app_init ] --END-- [ RunTime:0.020001s ]
INFO: [ app_begin ] --START--
INFO: Run Behavior\ReadHtmlCacheBehavior [ RunTime:0.002000s ]
INFO: [ app_begin ] --END-- [ RunTime:0.002000s ]
NOTIC: [2] Illegal string offset 'uid' D:\phpStudy\WWW\ebay\Application\Admin\Controller\SortController.class.php 第 21 行.
NOTIC: [8] Uninitialized string offset: 0 D:\phpStudy\WWW\ebay\Application\Admin\Controller\SortController.class.php 第 21 行.
NOTIC: [2] Illegal string offset 'token' D:\phpStudy\WWW\ebay\Application\Admin\Controller\SortController.class.php 第 22 行.
NOTIC: [8] Uninitialized string offset: 0 D:\phpStudy\WWW\ebay\Application\Admin\Controller\SortController.class.php 第 22 行.
INFO: [ app_end ] --START--
INFO: Run Behavior\ShowPageTraceBehavior [ RunTime:0.003000s ]
INFO: [ app_end ] --END-- [ RunTime:0.003000s ]

[ 2017-07-10T09:50:15+08:00 ] 127.0.0.1 /ebay/index.php/Admin/login/Smtp
INFO: [ app_init ] --START--
INFO: Run Behavior\BuildLiteBehavior [ RunTime:0.000000s ]
INFO: [ app_init ] --END-- [ RunTime:0.001000s ]
INFO: [ app_begin ] --START--
INFO: Run Behavior\ReadHtmlCacheBehavior [ RunTime:0.001000s ]
INFO: [ app_begin ] --END-- [ RunTime:0.001000s ]

[ 2017-07-10T09:51:48+08:00 ] 127.0.0.1 /ebay/index.php/Admin/login/Smtp
INFO: [ app_init ] --START--
INFO: Run Behavior\BuildLiteBehavior [ RunTime:0.000000s ]
INFO: [ app_init ] --END-- [ RunTime:0.000000s ]
INFO: [ app_begin ] --START--
INFO: Run Behavior\ReadHtmlCacheBehavior [ RunTime:0.001000s ]
INFO: [ app_begin ] --END-- [ RunTime:0.001000s ]

[ 2017-07-10T09:51:49+08:00 ] 127.0.0.1 /ebay/index.php/Admin/login/Smtp
INFO: [ app_init ] --START--
INFO: Run Behavior\BuildLiteBehavior [ RunTime:0.000000s ]
INFO: [ app_init ] --END-- [ RunTime:0.001000s ]
INFO: [ app_begin ] --START--
INFO: Run Behavior\ReadHtmlCacheBehavior [ RunTime:0.001000s ]
INFO: [ app_begin ] --END-- [ RunTime:0.001000s ]

[ 2017-07-10T09:53:12+08:00 ] 127.0.0.1 /ebay/index.php/Admin/login/Smtp
INFO: [ app_init ] --START--
INFO: Run Behavior\BuildLiteBehavior [ RunTime:0.000000s ]
INFO: [ app_init ] --END-- [ RunTime:0.000000s ]
INFO: [ app_begin ] --START--
INFO: Run Behavior\ReadHtmlCacheBehavior [ RunTime:0.001000s ]
INFO: [ app_begin ] --END-- [ RunTime:0.001000s ]

[ 2017-07-10T09:53:49+08:00 ] 127.0.0.1 /ebay/index.php/Admin/login/Smtp
INFO: [ app_init ] --START--
INFO: Run Behavior\BuildLiteBehavior [ RunTime:0.000000s ]
INFO: [ app_init ] --END-- [ RunTime:0.001000s ]
INFO: [ app_begin ] --START--
INFO: Run Behavior\ReadHtmlCacheBehavior [ RunTime:0.001000s ]
INFO: [ app_begin ] --END-- [ RunTime:0.001000s ]

[ 2017-07-10T09:54:48+08:00 ] 127.0.0.1 /ebay/index.php/Admin/login/Smtp
INFO: [ app_init ] --START--
INFO: Run Behavior\BuildLiteBehavior [ RunTime:0.000000s ]
INFO: [ app_init ] --END-- [ RunTime:0.001000s ]
INFO: [ app_begin ] --START--
INFO: Run Behavior\ReadHtmlCacheBehavior [ RunTime:0.001000s ]
INFO: [ app_begin ] --END-- [ RunTime:0.001000s ]

[ 2017-07-10T09:54:48+08:00 ] 127.0.0.1 /ebay/index.php/Admin/login/Smtp
INFO: [ app_init ] --START--
INFO: Run Behavior\BuildLiteBehavior [ RunTime:0.000000s ]
INFO: [ app_init ] --END-- [ RunTime:0.001000s ]
INFO: [ app_begin ] --START--
INFO: Run Behavior\ReadHtmlCacheBehavior [ RunTime:0.000000s ]
INFO: [ app_begin ] --END-- [ RunTime:0.001000s ]

[ 2017-07-10T09:54:48+08:00 ] 127.0.0.1 /ebay/index.php/Admin/login/Smtp
INFO: [ app_init ] --START--
INFO: Run Behavior\BuildLiteBehavior [ RunTime:0.000000s ]
INFO: [ app_init ] --END-- [ RunTime:0.001000s ]
INFO: [ app_begin ] --START--
INFO: Run Behavior\ReadHtmlCacheBehavior [ RunTime:0.001000s ]
INFO: [ app_begin ] --END-- [ RunTime:0.001000s ]

[ 2017-07-10T09:54:49+08:00 ] 127.0.0.1 /ebay/index.php/Admin/login/Smtp
INFO: [ app_init ] --START--
INFO: Run Behavior\BuildLiteBehavior [ RunTime:0.000000s ]
INFO: [ app_init ] --END-- [ RunTime:0.000000s ]
INFO: [ app_begin ] --START--
INFO: Run Behavior\ReadHtmlCacheBehavior [ RunTime:0.000000s ]
INFO: [ app_begin ] --END-- [ RunTime:0.000000s ]

[ 2017-07-10T09:54:49+08:00 ] 127.0.0.1 /ebay/index.php/Admin/login/Smtp
INFO: [ app_init ] --START--
INFO: Run Behavior\BuildLiteBehavior [ RunTime:0.000000s ]
INFO: [ app_init ] --END-- [ RunTime:0.001000s ]
INFO: [ app_begin ] --START--
INFO: Run Behavior\ReadHtmlCacheBehavior [ RunTime:0.001000s ]
INFO: [ app_begin ] --END-- [ RunTime:0.001000s ]

[ 2017-07-10T09:54:49+08:00 ] 127.0.0.1 /ebay/index.php/Admin/login/Smtp
INFO: [ app_init ] --START--
INFO: Run Behavior\BuildLiteBehavior [ RunTime:0.000000s ]
INFO: [ app_init ] --END-- [ RunTime:0.000000s ]
INFO: [ app_begin ] --START--
INFO: Run Behavior\ReadHtmlCacheBehavior [ RunTime:0.000000s ]
INFO: [ app_begin ] --END-- [ RunTime:0.000000s ]

[ 2017-07-10T09:54:49+08:00 ] 127.0.0.1 /ebay/index.php/Admin/login/Smtp
INFO: [ app_init ] --START--
INFO: Run Behavior\BuildLiteBehavior [ RunTime:0.000000s ]
INFO: [ app_init ] --END-- [ RunTime:0.000000s ]
INFO: [ app_begin ] --START--
INFO: Run Behavior\ReadHtmlCacheBehavior [ RunTime:0.001000s ]
INFO: [ app_begin ] --END-- [ RunTime:0.001000s ]

[ 2017-07-10T10:53:21+08:00 ] 127.0.0.1 /ebay/index.php/Admin/login/Smtp
INFO: [ app_init ] --START--
INFO: Run Behavior\BuildLiteBehavior [ RunTime:0.000000s ]
INFO: [ app_init ] --END-- [ RunTime:0.001000s ]
INFO: [ app_begin ] --START--
INFO: Run Behavior\ReadHtmlCacheBehavior [ RunTime:0.001000s ]
INFO: [ app_begin ] --END-- [ RunTime:0.001000s ]

[ 2017-07-10T10:58:53+08:00 ] 127.0.0.1 /ebay/index.php/Admin/login/Smtp
INFO: [ app_init ] --START--
INFO: Run Behavior\BuildLiteBehavior [ RunTime:0.000000s ]
INFO: [ app_init ] --END-- [ RunTime:0.000000s ]
INFO: [ app_begin ] --START--
INFO: Run Behavior\ReadHtmlCacheBehavior [ RunTime:0.000000s ]
INFO: [ app_begin ] --END-- [ RunTime:0.000000s ]

[ 2017-07-10T10:58:54+08:00 ] 127.0.0.1 /ebay/index.php/Admin/login/Smtp
INFO: [ app_init ] --START--
INFO: Run Behavior\BuildLiteBehavior [ RunTime:0.000000s ]
INFO: [ app_init ] --END-- [ RunTime:0.001000s ]
INFO: [ app_begin ] --START--
INFO: Run Behavior\ReadHtmlCacheBehavior [ RunTime:0.000000s ]
INFO: [ app_begin ] --END-- [ RunTime:0.000000s ]

[ 2017-07-10T10:58:54+08:00 ] 127.0.0.1 /ebay/index.php/Admin/login/Smtp
INFO: [ app_init ] --START--
INFO: Run Behavior\BuildLiteBehavior [ RunTime:0.000000s ]
INFO: [ app_init ] --END-- [ RunTime:0.001000s ]
INFO: [ app_begin ] --START--
INFO: Run Behavior\ReadHtmlCacheBehavior [ RunTime:0.000000s ]
INFO: [ app_begin ] --END-- [ RunTime:0.000000s ]

[ 2017-07-10T10:58:54+08:00 ] 127.0.0.1 /ebay/index.php/Admin/login/Smtp
INFO: [ app_init ] --START--
INFO: Run Behavior\BuildLiteBehavior [ RunTime:0.000000s ]
INFO: [ app_init ] --END-- [ RunTime:0.000000s ]
INFO: [ app_begin ] --START--
INFO: Run Behavior\ReadHtmlCacheBehavior [ RunTime:0.001000s ]
INFO: [ app_begin ] --END-- [ RunTime:0.001000s ]

[ 2017-07-10T10:59:26+08:00 ] 127.0.0.1 /ebay/index.php/Admin/login/Smtp
INFO: [ app_init ] --START--
INFO: Run Behavior\BuildLiteBehavior [ RunTime:0.000000s ]
INFO: [ app_init ] --END-- [ RunTime:0.000000s ]
INFO: [ app_begin ] --START--
INFO: Run Behavior\ReadHtmlCacheBehavior [ RunTime:0.000000s ]
INFO: [ app_begin ] --END-- [ RunTime:0.000000s ]

[ 2017-07-10T10:59:26+08:00 ] 127.0.0.1 /ebay/index.php/Admin/login/Smtp
INFO: [ app_init ] --START--
INFO: Run Behavior\BuildLiteBehavior [ RunTime:0.000000s ]
INFO: [ app_init ] --END-- [ RunTime:0.001000s ]
INFO: [ app_begin ] --START--
INFO: Run Behavior\ReadHtmlCacheBehavior [ RunTime:0.001000s ]
INFO: [ app_begin ] --END-- [ RunTime:0.001000s ]

[ 2017-07-10T10:59:27+08:00 ] 127.0.0.1 /ebay/index.php/Admin/login/Smtp
INFO: [ app_init ] --START--
INFO: Run Behavior\BuildLiteBehavior [ RunTime:0.001000s ]
INFO: [ app_init ] --END-- [ RunTime:0.001000s ]
INFO: [ app_begin ] --START--
INFO: Run Behavior\ReadHtmlCacheBehavior [ RunTime:0.000000s ]
INFO: [ app_begin ] --END-- [ RunTime:0.000000s ]

[ 2017-07-10T10:59:27+08:00 ] 127.0.0.1 /ebay/index.php/Admin/login/Smtp
INFO: [ app_init ] --START--
INFO: Run Behavior\BuildLiteBehavior [ RunTime:0.000000s ]
INFO: [ app_init ] --END-- [ RunTime:0.001000s ]
INFO: [ app_begin ] --START--
INFO: Run Behavior\ReadHtmlCacheBehavior [ RunTime:0.001000s ]
INFO: [ app_begin ] --END-- [ RunTime:0.001000s ]

[ 2017-07-10T10:59:27+08:00 ] 127.0.0.1 /ebay/index.php/Admin/login/Smtp
INFO: [ app_init ] --START--
INFO: Run Behavior\BuildLiteBehavior [ RunTime:0.000000s ]
INFO: [ app_init ] --END-- [ RunTime:0.000000s ]
INFO: [ app_begin ] --START--
INFO: Run Behavior\ReadHtmlCacheBehavior [ RunTime:0.001000s ]
INFO: [ app_begin ] --END-- [ RunTime:0.001000s ]

[ 2017-07-10T11:03:26+08:00 ] 127.0.0.1 /ebay/index.php/Admin/login/Smtp
INFO: [ app_init ] --START--
INFO: Run Behavior\BuildLiteBehavior [ RunTime:0.000000s ]
INFO: [ app_init ] --END-- [ RunTime:0.000000s ]
INFO: [ app_begin ] --START--
INFO: Run Behavior\ReadHtmlCacheBehavior [ RunTime:0.001000s ]
INFO: [ app_begin ] --END-- [ RunTime:0.001000s ]
NOTIC: [2] Missing argument 5 for Org\Emial::smtp(), called in D:\phpStudy\WWW\ebay\Application\Admin\Controller\LoginController.class.php on line 275 and defined D:\phpStudy\WWW\ebay\ThinkPHP\Library\Org\Emial.class.php 第 37 行.
NOTIC: [8] Undefined variable: pass D:\phpStudy\WWW\ebay\ThinkPHP\Library\Org\Emial.class.php 第 54 行.
NOTIC: [2] Missing argument 5 for Org\Emial::sendmail(), called in D:\phpStudy\WWW\ebay\Application\Admin\Controller\LoginController.class.php on line 280 and defined D:\phpStudy\WWW\ebay\ThinkPHP\Library\Org\Emial.class.php 第 67 行.
NOTIC: [8192] Function ereg() is deprecated D:\phpStudy\WWW\ebay\ThinkPHP\Library\Org\Emial.class.php 第 430 行.
NOTIC: [8192] Function ereg_replace() is deprecated D:\phpStudy\WWW\ebay\ThinkPHP\Library\Org\Emial.class.php 第 446 行.
NOTIC: [8192] Function ereg_replace() is deprecated D:\phpStudy\WWW\ebay\ThinkPHP\Library\Org\Emial.class.php 第 448 行.
NOTIC: [8192] Function ereg_replace() is deprecated D:\phpStudy\WWW\ebay\ThinkPHP\Library\Org\Emial.class.php 第 73 行.
NOTIC: [8] Undefined variable: mailtype D:\phpStudy\WWW\ebay\ThinkPHP\Library\Org\Emial.class.php 第 77 行.
NOTIC: [8192] Function ereg() is deprecated D:\phpStudy\WWW\ebay\ThinkPHP\Library\Org\Emial.class.php 第 430 行.
NOTIC: [8192] Function ereg_replace() is deprecated D:\phpStudy\WWW\ebay\ThinkPHP\Library\Org\Emial.class.php 第 446 行.
NOTIC: [8192] Function ereg_replace() is deprecated D:\phpStudy\WWW\ebay\ThinkPHP\Library\Org\Emial.class.php 第 448 行.
NOTIC: [8192] Function ereg() is deprecated D:\phpStudy\WWW\ebay\ThinkPHP\Library\Org\Emial.class.php 第 344 行.
NOTIC: [8192] Function ereg() is deprecated D:\phpStudy\WWW\ebay\ThinkPHP\Library\Org\Emial.class.php 第 344 行.
NOTIC: [8192] Function ereg() is deprecated D:\phpStudy\WWW\ebay\ThinkPHP\Library\Org\Emial.class.php 第 344 行.

[ 2017-07-10T11:05:10+08:00 ] 127.0.0.1 /ebay/index.php/Admin/login/Smtp
INFO: [ app_init ] --START--
INFO: Run Behavior\BuildLiteBehavior [ RunTime:0.000000s ]
INFO: [ app_init ] --END-- [ RunTime:0.000000s ]
INFO: [ app_begin ] --START--
INFO: Run Behavior\ReadHtmlCacheBehavior [ RunTime:0.000000s ]
INFO: [ app_begin ] --END-- [ RunTime:0.001000s ]

[ 2017-07-10T11:15:38+08:00 ] 127.0.0.1 /ebay/index.php/Admin/login/Smtp
INFO: [ app_init ] --START--
INFO: Run Behavior\BuildLiteBehavior [ RunTime:0.000000s ]
INFO: [ app_init ] --END-- [ RunTime:0.000000s ]
INFO: [ app_begin ] --START--
INFO: Run Behavior\ReadHtmlCacheBehavior [ RunTime:0.000000s ]
INFO: [ app_begin ] --END-- [ RunTime:0.001000s ]
NOTIC: [2] fsockopen(): unable to connect to mx3.qq.com:0 (Failed to parse address &quot;mx3.qq.com&quot;) D:\phpStudy\WWW\ebay\ThinkPHP\Library\Org\Email.class.php 第 170 行.
NOTIC: [2] fsockopen(): unable to connect to mx2.qq.com:0 (Failed to parse address &quot;mx2.qq.com&quot;) D:\phpStudy\WWW\ebay\ThinkPHP\Library\Org\Email.class.php 第 170 行.
NOTIC: [2] fsockopen(): unable to connect to mx1.qq.com:0 (Failed to parse address &quot;mx1.qq.com&quot;) D:\phpStudy\WWW\ebay\ThinkPHP\Library\Org\Email.class.php 第 170 行.
INFO: [ app_end ] --START--
INFO: Run Behavior\ShowPageTraceBehavior [ RunTime:0.001000s ]
INFO: [ app_end ] --END-- [ RunTime:0.001000s ]

[ 2017-07-10T11:20:27+08:00 ] 127.0.0.1 /ebay/index.php/Admin/login/Smtp
INFO: [ app_init ] --START--
INFO: Run Behavior\BuildLiteBehavior [ RunTime:0.000000s ]
INFO: [ app_init ] --END-- [ RunTime:0.001000s ]
INFO: [ app_begin ] --START--
INFO: Run Behavior\ReadHtmlCacheBehavior [ RunTime:0.001000s ]
INFO: [ app_begin ] --END-- [ RunTime:0.001000s ]
NOTIC: [2] fsockopen(): unable to connect to mx3.qq.com:0 (Failed to parse address &quot;mx3.qq.com&quot;) D:\phpStudy\WWW\ebay\ThinkPHP\Library\Org\Email.class.php 第 170 行.
NOTIC: [2] fsockopen(): unable to connect to mx2.qq.com:0 (Failed to parse address &quot;mx2.qq.com&quot;) D:\phpStudy\WWW\ebay\ThinkPHP\Library\Org\Email.class.php 第 170 行.
NOTIC: [2] fsockopen(): unable to connect to mx1.qq.com:0 (Failed to parse address &quot;mx1.qq.com&quot;) D:\phpStudy\WWW\ebay\ThinkPHP\Library\Org\Email.class.php 第 170 行.
INFO: [ app_end ] --START--
INFO: Run Behavior\ShowPageTraceBehavior [ RunTime:0.001000s ]
INFO: [ app_end ] --END-- [ RunTime:0.001000s ]

[ 2017-07-10T11:20:46+08:00 ] 127.0.0.1 /ebay/index.php/Admin/login/Smtp
INFO: [ app_init ] --START--
INFO: Run Behavior\BuildLiteBehavior [ RunTime:0.000000s ]
INFO: [ app_init ] --END-- [ RunTime:0.001000s ]
INFO: [ app_begin ] --START--
INFO: Run Behavior\ReadHtmlCacheBehavior [ RunTime:0.002000s ]
INFO: [ app_begin ] --END-- [ RunTime:0.002000s ]
NOTIC: [2] fsockopen(): unable to connect to mx3.qq.com:0 (Failed to parse address &quot;mx3.qq.com&quot;) D:\phpStudy\WWW\ebay\ThinkPHP\Library\Org\Email.class.php 第 170 行.
NOTIC: [2] fsockopen(): unable to connect to mx2.qq.com:0 (Failed to parse address &quot;mx2.qq.com&quot;) D:\phpStudy\WWW\ebay\ThinkPHP\Library\Org\Email.class.php 第 170 行.
NOTIC: [2] fsockopen(): unable to connect to mx1.qq.com:0 (Failed to parse address &quot;mx1.qq.com&quot;) D:\phpStudy\WWW\ebay\ThinkPHP\Library\Org\Email.class.php 第 170 行.
INFO: [ app_end ] --START--
INFO: Run Behavior\ShowPageTraceBehavior [ RunTime:0.001000s ]
INFO: [ app_end ] --END-- [ RunTime:0.001000s ]

[ 2017-07-10T11:20:46+08:00 ] 127.0.0.1 /ebay/index.php/Admin/login/Smtp
INFO: [ app_init ] --START--
INFO: Run Behavior\BuildLiteBehavior [ RunTime:0.000000s ]
INFO: [ app_init ] --END-- [ RunTime:0.000000s ]
INFO: [ app_begin ] --START--
INFO: Run Behavior\ReadHtmlCacheBehavior [ RunTime:0.000000s ]
INFO: [ app_begin ] --END-- [ RunTime:0.000000s ]
NOTIC: [2] fsockopen(): unable to connect to mx3.qq.com:0 (Failed to parse address &quot;mx3.qq.com&quot;) D:\phpStudy\WWW\ebay\ThinkPHP\Library\Org\Email.class.php 第 170 行.
NOTIC: [2] fsockopen(): unable to connect to mx2.qq.com:0 (Failed to parse address &quot;mx2.qq.com&quot;) D:\phpStudy\WWW\ebay\ThinkPHP\Library\Org\Email.class.php 第 170 行.
NOTIC: [2] fsockopen(): unable to connect to mx1.qq.com:0 (Failed to parse address &quot;mx1.qq.com&quot;) D:\phpStudy\WWW\ebay\ThinkPHP\Library\Org\Email.class.php 第 170 行.
INFO: [ app_end ] --START--
INFO: Run Behavior\ShowPageTraceBehavior [ RunTime:0.001000s ]
INFO: [ app_end ] --END-- [ RunTime:0.001000s ]

[ 2017-07-10T11:20:46+08:00 ] 127.0.0.1 /ebay/index.php/Admin/login/Smtp
INFO: [ app_init ] --START--
INFO: Run Behavior\BuildLiteBehavior [ RunTime:0.000000s ]
INFO: [ app_init ] --END-- [ RunTime:0.000000s ]
INFO: [ app_begin ] --START--
INFO: Run Behavior\ReadHtmlCacheBehavior [ RunTime:0.000000s ]
INFO: [ app_begin ] --END-- [ RunTime:0.000000s ]
NOTIC: [2] fsockopen(): unable to connect to mx3.qq.com:0 (Failed to parse address &quot;mx3.qq.com&quot;) D:\phpStudy\WWW\ebay\ThinkPHP\Library\Org\Email.class.php 第 170 行.
NOTIC: [2] fsockopen(): unable to connect to mx2.qq.com:0 (Failed to parse address &quot;mx2.qq.com&quot;) D:\phpStudy\WWW\ebay\ThinkPHP\Library\Org\Email.class.php 第 170 行.
NOTIC: [2] fsockopen(): unable to connect to mx1.qq.com:0 (Failed to parse address &quot;mx1.qq.com&quot;) D:\phpStudy\WWW\ebay\ThinkPHP\Library\Org\Email.class.php 第 170 行.
INFO: [ app_end ] --START--
INFO: Run Behavior\ShowPageTraceBehavior [ RunTime:0.001000s ]
INFO: [ app_end ] --END-- [ RunTime:0.001000s ]

[ 2017-07-10T11:20:46+08:00 ] 127.0.0.1 /ebay/index.php/Admin/login/Smtp
INFO: [ app_init ] --START--
INFO: Run Behavior\BuildLiteBehavior [ RunTime:0.000000s ]
INFO: [ app_init ] --END-- [ RunTime:0.001000s ]
INFO: [ app_begin ] --START--
INFO: Run Behavior\ReadHtmlCacheBehavior [ RunTime:0.001000s ]
INFO: [ app_begin ] --END-- [ RunTime:0.001000s ]
NOTIC: [2] fsockopen(): unable to connect to mx3.qq.com:0 (Failed to parse address &quot;mx3.qq.com&quot;) D:\phpStudy\WWW\ebay\ThinkPHP\Library\Org\Email.class.php 第 170 行.
NOTIC: [2] fsockopen(): unable to connect to mx2.qq.com:0 (Failed to parse address &quot;mx2.qq.com&quot;) D:\phpStudy\WWW\ebay\ThinkPHP\Library\Org\Email.class.php 第 170 行.
NOTIC: [2] fsockopen(): unable to connect to mx1.qq.com:0 (Failed to parse address &quot;mx1.qq.com&quot;) D:\phpStudy\WWW\ebay\ThinkPHP\Library\Org\Email.class.php 第 170 行.
INFO: [ app_end ] --START--
INFO: Run Behavior\ShowPageTraceBehavior [ RunTime:0.000000s ]
INFO: [ app_end ] --END-- [ RunTime:0.001001s ]

[ 2017-07-10T11:20:47+08:00 ] 127.0.0.1 /ebay/index.php/Admin/login/Smtp
INFO: [ app_init ] --START--
INFO: Run Behavior\BuildLiteBehavior [ RunTime:0.000000s ]
INFO: [ app_init ] --END-- [ RunTime:0.001000s ]
INFO: [ app_begin ] --START--
INFO: Run Behavior\ReadHtmlCacheBehavior [ RunTime:0.001000s ]
INFO: [ app_begin ] --END-- [ RunTime:0.001000s ]
NOTIC: [2] fsockopen(): unable to connect to mx3.qq.com:0 (Failed to parse address &quot;mx3.qq.com&quot;) D:\phpStudy\WWW\ebay\ThinkPHP\Library\Org\Email.class.php 第 170 行.
NOTIC: [2] fsockopen(): unable to connect to mx2.qq.com:0 (Failed to parse address &quot;mx2.qq.com&quot;) D:\phpStudy\WWW\ebay\ThinkPHP\Library\Org\Email.class.php 第 170 行.
NOTIC: [2] fsockopen(): unable to connect to mx1.qq.com:0 (Failed to parse address &quot;mx1.qq.com&quot;) D:\phpStudy\WWW\ebay\ThinkPHP\Library\Org\Email.class.php 第 170 行.
INFO: [ app_end ] --START--
INFO: Run Behavior\ShowPageTraceBehavior [ RunTime:0.000000s ]
INFO: [ app_end ] --END-- [ RunTime:0.000000s ]

[ 2017-07-10T11:20:47+08:00 ] 127.0.0.1 /ebay/index.php/Admin/login/Smtp
INFO: [ app_init ] --START--
INFO: Run Behavior\BuildLiteBehavior [ RunTime:0.000000s ]
INFO: [ app_init ] --END-- [ RunTime:0.001000s ]
INFO: [ app_begin ] --START--
INFO: Run Behavior\ReadHtmlCacheBehavior [ RunTime:0.001000s ]
INFO: [ app_begin ] --END-- [ RunTime:0.001000s ]
NOTIC: [2] fsockopen(): unable to connect to mx3.qq.com:0 (Failed to parse address &quot;mx3.qq.com&quot;) D:\phpStudy\WWW\ebay\ThinkPHP\Library\Org\Email.class.php 第 170 行.
NOTIC: [2] fsockopen(): unable to connect to mx2.qq.com:0 (Failed to parse address &quot;mx2.qq.com&quot;) D:\phpStudy\WWW\ebay\ThinkPHP\Library\Org\Email.class.php 第 170 行.
NOTIC: [2] fsockopen(): unable to connect to mx1.qq.com:0 (Failed to parse address &quot;mx1.qq.com&quot;) D:\phpStudy\WWW\ebay\ThinkPHP\Library\Org\Email.class.php 第 170 行.
INFO: [ app_end ] --START--
INFO: Run Behavior\ShowPageTraceBehavior [ RunTime:0.000000s ]
INFO: [ app_end ] --END-- [ RunTime:0.000000s ]

[ 2017-07-10T11:20:47+08:00 ] 127.0.0.1 /ebay/index.php/Admin/login/Smtp
INFO: [ app_init ] --START--
INFO: Run Behavior\BuildLiteBehavior [ RunTime:0.000000s ]
INFO: [ app_init ] --END-- [ RunTime:0.001000s ]
INFO: [ app_begin ] --START--
INFO: Run Behavior\ReadHtmlCacheBehavior [ RunTime:0.000000s ]
INFO: [ app_begin ] --END-- [ RunTime:0.001000s ]
NOTIC: [2] fsockopen(): unable to connect to mx3.qq.com:0 (Failed to parse address &quot;mx3.qq.com&quot;) D:\phpStudy\WWW\ebay\ThinkPHP\Library\Org\Email.class.php 第 170 行.
NOTIC: [2] fsockopen(): unable to connect to mx2.qq.com:0 (Failed to parse address &quot;mx2.qq.com&quot;) D:\phpStudy\WWW\ebay\ThinkPHP\Library\Org\Email.class.php 第 170 行.
NOTIC: [2] fsockopen(): unable to connect to mx1.qq.com:0 (Failed to parse address &quot;mx1.qq.com&quot;) D:\phpStudy\WWW\ebay\ThinkPHP\Library\Org\Email.class.php 第 170 行.
INFO: [ app_end ] --START--
INFO: Run Behavior\ShowPageTraceBehavior [ RunTime:0.001000s ]
INFO: [ app_end ] --END-- [ RunTime:0.001000s ]

[ 2017-07-10T11:20:47+08:00 ] 127.0.0.1 /ebay/index.php/Admin/login/Smtp
INFO: [ app_init ] --START--
INFO: Run Behavior\BuildLiteBehavior [ RunTime:0.000000s ]
INFO: [ app_init ] --END-- [ RunTime:0.001000s ]
INFO: [ app_begin ] --START--
INFO: Run Behavior\ReadHtmlCacheBehavior [ RunTime:0.000000s ]
INFO: [ app_begin ] --END-- [ RunTime:0.001000s ]
NOTIC: [2] fsockopen(): unable to connect to mx3.qq.com:0 (Failed to parse address &quot;mx3.qq.com&quot;) D:\phpStudy\WWW\ebay\ThinkPHP\Library\Org\Email.class.php 第 170 行.
NOTIC: [2] fsockopen(): unable to connect to mx2.qq.com:0 (Failed to parse address &quot;mx2.qq.com&quot;) D:\phpStudy\WWW\ebay\ThinkPHP\Library\Org\Email.class.php 第 170 行.
NOTIC: [2] fsockopen(): unable to connect to mx1.qq.com:0 (Failed to parse address &quot;mx1.qq.com&quot;) D:\phpStudy\WWW\ebay\ThinkPHP\Library\Org\Email.class.php 第 170 行.
INFO: [ app_end ] --START--
INFO: Run Behavior\ShowPageTraceBehavior [ RunTime:0.001000s ]
INFO: [ app_end ] --END-- [ RunTime:0.001000s ]

[ 2017-07-10T11:20:47+08:00 ] 127.0.0.1 /ebay/index.php/Admin/login/Smtp
INFO: [ app_init ] --START--
INFO: Run Behavior\BuildLiteBehavior [ RunTime:0.000000s ]
INFO: [ app_init ] --END-- [ RunTime:0.001000s ]
INFO: [ app_begin ] --START--
INFO: Run Behavior\ReadHtmlCacheBehavior [ RunTime:0.001000s ]
INFO: [ app_begin ] --END-- [ RunTime:0.001000s ]
NOTIC: [2] fsockopen(): unable to connect to mx3.qq.com:0 (Failed to parse address &quot;mx3.qq.com&quot;) D:\phpStudy\WWW\ebay\ThinkPHP\Library\Org\Email.class.php 第 170 行.
NOTIC: [2] fsockopen(): unable to connect to mx2.qq.com:0 (Failed to parse address &quot;mx2.qq.com&quot;) D:\phpStudy\WWW\ebay\ThinkPHP\Library\Org\Email.class.php 第 170 行.
NOTIC: [2] fsockopen(): unable to connect to mx1.qq.com:0 (Failed to parse address &quot;mx1.qq.com&quot;) D:\phpStudy\WWW\ebay\ThinkPHP\Library\Org\Email.class.php 第 170 行.
INFO: [ app_end ] --START--
INFO: Run Behavior\ShowPageTraceBehavior [ RunTime:0.001000s ]
INFO: [ app_end ] --END-- [ RunTime:0.001000s ]

[ 2017-07-10T11:20:47+08:00 ] 127.0.0.1 /ebay/index.php/Admin/login/Smtp
INFO: [ app_init ] --START--
INFO: Run Behavior\BuildLiteBehavior [ RunTime:0.000000s ]
INFO: [ app_init ] --END-- [ RunTime:0.000000s ]
INFO: [ app_begin ] --START--
INFO: Run Behavior\ReadHtmlCacheBehavior [ RunTime:0.001000s ]
INFO: [ app_begin ] --END-- [ RunTime:0.001000s ]
NOTIC: [2] fsockopen(): unable to connect to mx3.qq.com:0 (Failed to parse address &quot;mx3.qq.com&quot;) D:\phpStudy\WWW\ebay\ThinkPHP\Library\Org\Email.class.php 第 170 行.
NOTIC: [2] fsockopen(): unable to connect to mx2.qq.com:0 (Failed to parse address &quot;mx2.qq.com&quot;) D:\phpStudy\WWW\ebay\ThinkPHP\Library\Org\Email.class.php 第 170 行.
NOTIC: [2] fsockopen(): unable to connect to mx1.qq.com:0 (Failed to parse address &quot;mx1.qq.com&quot;) D:\phpStudy\WWW\ebay\ThinkPHP\Library\Org\Email.class.php 第 170 行.
INFO: [ app_end ] --START--
INFO: Run Behavior\ShowPageTraceBehavior [ RunTime:0.001000s ]
INFO: [ app_end ] --END-- [ RunTime:0.001000s ]

[ 2017-07-10T11:20:48+08:00 ] 127.0.0.1 /ebay/index.php/Admin/login/Smtp
INFO: [ app_init ] --START--
INFO: Run Behavior\BuildLiteBehavior [ RunTime:0.000000s ]
INFO: [ app_init ] --END-- [ RunTime:0.000000s ]
INFO: [ app_begin ] --START--
INFO: Run Behavior\ReadHtmlCacheBehavior [ RunTime:0.001000s ]
INFO: [ app_begin ] --END-- [ RunTime:0.001000s ]
NOTIC: [2] fsockopen(): unable to connect to mx3.qq.com:0 (Failed to parse address &quot;mx3.qq.com&quot;) D:\phpStudy\WWW\ebay\ThinkPHP\Library\Org\Email.class.php 第 170 行.
NOTIC: [2] fsockopen(): unable to connect to mx2.qq.com:0 (Failed to parse address &quot;mx2.qq.com&quot;) D:\phpStudy\WWW\ebay\ThinkPHP\Library\Org\Email.class.php 第 170 行.
NOTIC: [2] fsockopen(): unable to connect to mx1.qq.com:0 (Failed to parse address &quot;mx1.qq.com&quot;) D:\phpStudy\WWW\ebay\ThinkPHP\Library\Org\Email.class.php 第 170 行.
INFO: [ app_end ] --START--
INFO: Run Behavior\ShowPageTraceBehavior [ RunTime:0.001000s ]
INFO: [ app_end ] --END-- [ RunTime:0.001000s ]

[ 2017-07-10T11:20:48+08:00 ] 127.0.0.1 /ebay/index.php/Admin/login/Smtp
INFO: [ app_init ] --START--
INFO: Run Behavior\BuildLiteBehavior [ RunTime:0.000000s ]
INFO: [ app_init ] --END-- [ RunTime:0.000000s ]
INFO: [ app_begin ] --START--
INFO: Run Behavior\ReadHtmlCacheBehavior [ RunTime:0.001000s ]
INFO: [ app_begin ] --END-- [ RunTime:0.001000s ]
NOTIC: [2] fsockopen(): unable to connect to mx3.qq.com:0 (Failed to parse address &quot;mx3.qq.com&quot;) D:\phpStudy\WWW\ebay\ThinkPHP\Library\Org\Email.class.php 第 170 行.
NOTIC: [2] fsockopen(): unable to connect to mx2.qq.com:0 (Failed to parse address &quot;mx2.qq.com&quot;) D:\phpStudy\WWW\ebay\ThinkPHP\Library\Org\Email.class.php 第 170 行.
NOTIC: [2] fsockopen(): unable to connect to mx1.qq.com:0 (Failed to parse address &quot;mx1.qq.com&quot;) D:\phpStudy\WWW\ebay\ThinkPHP\Library\Org\Email.class.php 第 170 行.
INFO: [ app_end ] --START--
INFO: Run Behavior\ShowPageTraceBehavior [ RunTime:0.001000s ]
INFO: [ app_end ] --END-- [ RunTime:0.001000s ]

[ 2017-07-10T11:21:02+08:00 ] 127.0.0.1 /ebay/index.php/Admin/login/Smtp
INFO: [ app_init ] --START--
INFO: Run Behavior\BuildLiteBehavior [ RunTime:0.000000s ]
INFO: [ app_init ] --END-- [ RunTime:0.000000s ]
INFO: [ app_begin ] --START--
INFO: Run Behavior\ReadHtmlCacheBehavior [ RunTime:0.000000s ]
INFO: [ app_begin ] --END-- [ RunTime:0.001000s ]
NOTIC: [2] fsockopen(): unable to connect to mx1.qq.com:0 (Failed to parse address &quot;mx1.qq.com&quot;) D:\phpStudy\WWW\ebay\ThinkPHP\Library\Org\Email.class.php 第 170 行.
NOTIC: [2] fsockopen(): unable to connect to mx2.qq.com:0 (Failed to parse address &quot;mx2.qq.com&quot;) D:\phpStudy\WWW\ebay\ThinkPHP\Library\Org\Email.class.php 第 170 行.
NOTIC: [2] fsockopen(): unable to connect to mx3.qq.com:0 (Failed to parse address &quot;mx3.qq.com&quot;) D:\phpStudy\WWW\ebay\ThinkPHP\Library\Org\Email.class.php 第 170 行.
INFO: [ app_end ] --START--
INFO: Run Behavior\ShowPageTraceBehavior [ RunTime:0.001001s ]
INFO: [ app_end ] --END-- [ RunTime:0.001001s ]

[ 2017-07-10T11:22:13+08:00 ] 127.0.0.1 /ebay/index.php/Admin/login/Smtp
INFO: [ app_init ] --START--
INFO: Run Behavior\BuildLiteBehavior [ RunTime:0.000000s ]
INFO: [ app_init ] --END-- [ RunTime:0.000000s ]
INFO: [ app_begin ] --START--
INFO: Run Behavior\ReadHtmlCacheBehavior [ RunTime:0.000000s ]
INFO: [ app_begin ] --END-- [ RunTime:0.000000s ]
NOTIC: [2] fsockopen(): unable to connect to mx1.qq.com:0 (Failed to parse address &quot;mx1.qq.com&quot;) D:\phpStudy\WWW\ebay\ThinkPHP\Library\Org\Email.class.php 第 170 行.
NOTIC: [2] fsockopen(): unable to connect to mx2.qq.com:0 (Failed to parse address &quot;mx2.qq.com&quot;) D:\phpStudy\WWW\ebay\ThinkPHP\Library\Org\Email.class.php 第 170 行.
NOTIC: [2] fsockopen(): unable to connect to mx3.qq.com:0 (Failed to parse address &quot;mx3.qq.com&quot;) D:\phpStudy\WWW\ebay\ThinkPHP\Library\Org\Email.class.php 第 170 行.
INFO: [ app_end ] --START--
INFO: Run Behavior\ShowPageTraceBehavior [ RunTime:0.001000s ]
INFO: [ app_end ] --END-- [ RunTime:0.001000s ]

[ 2017-07-10T11:24:10+08:00 ] 127.0.0.1 /ebay/index.php/Admin/login/Smtp
INFO: [ app_init ] --START--
INFO: Run Behavior\BuildLiteBehavior [ RunTime:0.000000s ]
INFO: [ app_init ] --END-- [ RunTime:0.001000s ]
INFO: [ app_begin ] --START--
INFO: Run Behavior\ReadHtmlCacheBehavior [ RunTime:0.001000s ]
INFO: [ app_begin ] --END-- [ RunTime:0.001000s ]
NOTIC: [2] fsockopen(): unable to connect to mx1.qq.com:0 (Failed to parse address &quot;mx1.qq.com&quot;) D:\phpStudy\WWW\ebay\ThinkPHP\Library\Org\Email.class.php 第 170 行.
NOTIC: [2] fsockopen(): unable to connect to mx2.qq.com:0 (Failed to parse address &quot;mx2.qq.com&quot;) D:\phpStudy\WWW\ebay\ThinkPHP\Library\Org\Email.class.php 第 170 行.
NOTIC: [2] fsockopen(): unable to connect to mx3.qq.com:0 (Failed to parse address &quot;mx3.qq.com&quot;) D:\phpStudy\WWW\ebay\ThinkPHP\Library\Org\Email.class.php 第 170 行.
INFO: [ app_end ] --START--
INFO: Run Behavior\ShowPageTraceBehavior [ RunTime:0.000000s ]
INFO: [ app_end ] --END-- [ RunTime:0.000000s ]

[ 2017-07-10T11:24:57+08:00 ] 127.0.0.1 /ebay/index.php/Admin/login/Smtp
INFO: [ app_init ] --START--
INFO: Run Behavior\BuildLiteBehavior [ RunTime:0.000000s ]
INFO: [ app_init ] --END-- [ RunTime:0.000000s ]
INFO: [ app_begin ] --START--
INFO: Run Behavior\ReadHtmlCacheBehavior [ RunTime:0.000000s ]
INFO: [ app_begin ] --END-- [ RunTime:0.000000s ]
NOTIC: [2] fsockopen(): unable to connect to mx1.qq.com:0 (Failed to parse address &quot;mx1.qq.com&quot;) D:\phpStudy\WWW\ebay\ThinkPHP\Library\Org\Email.class.php 第 170 行.
NOTIC: [2] fsockopen(): unable to connect to mx2.qq.com:0 (Failed to parse address &quot;mx2.qq.com&quot;) D:\phpStudy\WWW\ebay\ThinkPHP\Library\Org\Email.class.php 第 170 行.
NOTIC: [2] fsockopen(): unable to connect to mx3.qq.com:0 (Failed to parse address &quot;mx3.qq.com&quot;) D:\phpStudy\WWW\ebay\ThinkPHP\Library\Org\Email.class.php 第 170 行.
INFO: [ app_end ] --START--
INFO: Run Behavior\ShowPageTraceBehavior [ RunTime:0.001000s ]
INFO: [ app_end ] --END-- [ RunTime:0.001000s ]

[ 2017-07-10T11:25:58+08:00 ] 127.0.0.1 /ebay/index.php/Admin/login/Smtp
INFO: [ app_init ] --START--
INFO: Run Behavior\BuildLiteBehavior [ RunTime:0.000000s ]
INFO: [ app_init ] --END-- [ RunTime:0.000000s ]
INFO: [ app_begin ] --START--
INFO: Run Behavior\ReadHtmlCacheBehavior [ RunTime:0.000000s ]
INFO: [ app_begin ] --END-- [ RunTime:0.001000s ]
NOTIC: [2] fsockopen(): unable to connect to mx1.qq.com:0 (Failed to parse address &quot;mx1.qq.com&quot;) D:\phpStudy\WWW\ebay\ThinkPHP\Library\Org\Email.class.php 第 170 行.
NOTIC: [2] fsockopen(): unable to connect to mx2.qq.com:0 (Failed to parse address &quot;mx2.qq.com&quot;) D:\phpStudy\WWW\ebay\ThinkPHP\Library\Org\Email.class.php 第 170 行.
NOTIC: [2] fsockopen(): unable to connect to mx3.qq.com:0 (Failed to parse address &quot;mx3.qq.com&quot;) D:\phpStudy\WWW\ebay\ThinkPHP\Library\Org\Email.class.php 第 170 行.
INFO: [ app_end ] --START--
INFO: Run Behavior\ShowPageTraceBehavior [ RunTime:0.000000s ]
INFO: [ app_end ] --END-- [ RunTime:0.000000s ]

[ 2017-07-10T11:32:35+08:00 ] 127.0.0.1 /ebay/index.php/Admin/login/Smtp
INFO: [ app_init ] --START--
INFO: Run Behavior\BuildLiteBehavior [ RunTime:0.000000s ]
INFO: [ app_init ] --END-- [ RunTime:0.000000s ]
INFO: [ app_begin ] --START--
INFO: Run Behavior\ReadHtmlCacheBehavior [ RunTime:0.001000s ]
INFO: [ app_begin ] --END-- [ RunTime:0.001000s ]
NOTIC: [2] require_once(../Smtp/Email.class.php): failed to open stream: No such file or directory D:\phpStudy\WWW\ebay\Application\Admin\Controller\LoginController.class.php 第 274 行.

[ 2017-07-10T11:33:25+08:00 ] 127.0.0.1 /ebay/index.php/Admin/login/Smtp
INFO: [ app_init ] --START--
INFO: Run Behavior\BuildLiteBehavior [ RunTime:0.000000s ]
INFO: [ app_init ] --END-- [ RunTime:0.001000s ]
INFO: [ app_begin ] --START--
INFO: Run Behavior\ReadHtmlCacheBehavior [ RunTime:0.001000s ]
INFO: [ app_begin ] --END-- [ RunTime:0.001000s ]
NOTIC: [2] fsockopen(): unable to connect to mx1.qq.com:0 (Failed to parse address &quot;mx1.qq.com&quot;) D:\phpStudy\WWW\ebay\ThinkPHP\Library\Org\Email.class.php 第 170 行.
NOTIC: [2] fsockopen(): unable to connect to mx2.qq.com:0 (Failed to parse address &quot;mx2.qq.com&quot;) D:\phpStudy\WWW\ebay\ThinkPHP\Library\Org\Email.class.php 第 170 行.
NOTIC: [2] fsockopen(): unable to connect to mx3.qq.com:0 (Failed to parse address &quot;mx3.qq.com&quot;) D:\phpStudy\WWW\ebay\ThinkPHP\Library\Org\Email.class.php 第 170 行.
INFO: [ app_end ] --START--
INFO: Run Behavior\ShowPageTraceBehavior [ RunTime:0.001000s ]
INFO: [ app_end ] --END-- [ RunTime:0.001000s ]

[ 2017-07-10T11:35:38+08:00 ] 127.0.0.1 /ebay/index.php/Admin/login/Smtp
INFO: [ app_init ] --START--
INFO: Run Behavior\BuildLiteBehavior [ RunTime:0.000000s ]
INFO: [ app_init ] --END-- [ RunTime:0.002000s ]
INFO: [ app_begin ] --START--
INFO: Run Behavior\ReadHtmlCacheBehavior [ RunTime:0.002000s ]
INFO: [ app_begin ] --END-- [ RunTime:0.002000s ]
INFO: [ app_end ] --START--
INFO: Run Behavior\ShowPageTraceBehavior [ RunTime:0.002000s ]
INFO: [ app_end ] --END-- [ RunTime:0.002000s ]

[ 2017-07-10T11:38:14+08:00 ] 127.0.0.1 /ebay/index.php/Admin/login/Smtp
INFO: [ app_init ] --START--
INFO: Run Behavior\BuildLiteBehavior [ RunTime:0.000000s ]
INFO: [ app_init ] --END-- [ RunTime:0.000000s ]
INFO: [ app_begin ] --START--
INFO: Run Behavior\ReadHtmlCacheBehavior [ RunTime:0.001000s ]
INFO: [ app_begin ] --END-- [ RunTime:0.001000s ]
INFO: [ app_end ] --START--
INFO: Run Behavior\ShowPageTraceBehavior [ RunTime:0.001001s ]
INFO: [ app_end ] --END-- [ RunTime:0.001001s ]

